::1 - - [11/Jul/2022:18:18:33 -0500] "GET / HTTP/1.1" 200 13834
::1 - - [11/Jul/2022:18:18:35 -0500] "GET / HTTP/1.1" 304 -
::1 - - [11/Jul/2022:18:18:35 -0500] "GET / HTTP/1.1" 304 -
::1 - - [11/Jul/2022:18:18:36 -0500] "GET / HTTP/1.1" 304 -
::1 - - [11/Jul/2022:18:18:36 -0500] "GET / HTTP/1.1" 304 -
::1 - - [11/Jul/2022:18:18:36 -0500] "GET / HTTP/1.1" 304 -
::1 - - [11/Jul/2022:18:18:36 -0500] "GET / HTTP/1.1" 304 -
::1 - - [11/Jul/2022:18:18:37 -0500] "GET / HTTP/1.1" 200 13834
::1 - - [11/Jul/2022:18:18:37 -0500] "GET /favicon.ico HTTP/1.1" 404 196
::1 - - [11/Jul/2022:18:18:38 -0500] "GET / HTTP/1.1" 200 13834
::1 - - [11/Jul/2022:18:18:38 -0500] "GET /favicon.ico HTTP/1.1" 404 196
::1 - - [11/Jul/2022:18:18:38 -0500] "GET / HTTP/1.1" 200 13834
::1 - - [11/Jul/2022:18:18:38 -0500] "GET /favicon.ico HTTP/1.1" 404 196
::1 - - [11/Jul/2022:18:18:38 -0500] "GET / HTTP/1.1" 200 13834
::1 - - [11/Jul/2022:18:18:38 -0500] "GET /favicon.ico HTTP/1.1" 404 196
::1 - - [11/Jul/2022:18:19:48 -0500] "GET / HTTP/1.1" 200 2399
::1 - - [11/Jul/2022:18:19:48 -0500] "GET /icons/blank.gif HTTP/1.1" 200 148
::1 - - [11/Jul/2022:18:19:48 -0500] "GET /icons/unknown.gif HTTP/1.1" 200 245
::1 - - [11/Jul/2022:18:19:48 -0500] "GET /icons/folder.gif HTTP/1.1" 200 225
::1 - - [11/Jul/2022:18:19:50 -0500] "GET / HTTP/1.1" 200 2399
::1 - - [11/Jul/2022:18:20:27 -0500] "GET / HTTP/1.1" 200 14298
::1 - - [11/Jul/2022:18:20:27 -0500] "GET /pigga/assets/vendors/themify-icons/css/themify-icons.css HTTP/1.1" 404 196
::1 - - [11/Jul/2022:18:20:27 -0500] "GET /css/app.css HTTP/1.1" 404 196
::1 - - [11/Jul/2022:18:20:27 -0500] "GET /pigga/assets/css/pigga.css HTTP/1.1" 404 196
::1 - - [11/Jul/2022:18:20:27 -0500] "GET /pigga/assets/vendors/jquery/jquery-3.4.1.js HTTP/1.1" 404 196
::1 - - [11/Jul/2022:18:20:27 -0500] "GET /pigga/assets/vendors/bootstrap/bootstrap.bundle.js HTTP/1.1" 404 196
::1 - - [11/Jul/2022:18:20:27 -0500] "GET /pigga/assets/vendors/bootstrap/bootstrap.affix.js HTTP/1.1" 404 196
::1 - - [11/Jul/2022:18:20:27 -0500] "GET /pigga/assets/js/pigga.js HTTP/1.1" 404 196
::1 - - [11/Jul/2022:18:20:27 -0500] "GET /pigga/assets/imgs/navbar-brand.svg HTTP/1.1" 404 196
::1 - - [11/Jul/2022:18:20:27 -0500] "GET /pigga/assets/imgs/logo.svg HTTP/1.1" 404 196
::1 - - [11/Jul/2022:18:20:27 -0500] "GET /pigga/assets/imgs/about-2.jpg HTTP/1.1" 404 196
::1 - - [11/Jul/2022:18:20:27 -0500] "GET /pigga/assets/imgs/about-1.jpg HTTP/1.1" 404 196
::1 - - [11/Jul/2022:18:20:27 -0500] "GET /pigga/assets/imgs/about-3.jpg HTTP/1.1" 404 196
::1 - - [11/Jul/2022:18:20:27 -0500] "GET /pigga/assets/imgs/about-4.jpg HTTP/1.1" 404 196
::1 - - [11/Jul/2022:18:20:27 -0500] "GET /pigga/assets/imgs/dish-1.jpg HTTP/1.1" 404 196
::1 - - [11/Jul/2022:18:20:27 -0500] "GET /pigga/assets/imgs/dish-2.jpg HTTP/1.1" 404 196
::1 - - [11/Jul/2022:18:20:27 -0500] "GET /pigga/assets/imgs/dish-3.jpg HTTP/1.1" 404 196
::1 - - [11/Jul/2022:18:20:27 -0500] "GET /pigga/assets/imgs/dish-4.jpg HTTP/1.1" 404 196
::1 - - [11/Jul/2022:18:20:27 -0500] "GET /pigga/assets/imgs/dish-5.jpg HTTP/1.1" 404 196
::1 - - [11/Jul/2022:18:20:27 -0500] "GET /pigga/assets/imgs/dish-6.jpg HTTP/1.1" 404 196
::1 - - [11/Jul/2022:18:20:27 -0500] "GET /pigga/assets/imgs/chef-1.jpg HTTP/1.1" 404 196
::1 - - [11/Jul/2022:18:20:27 -0500] "GET /pigga/assets/imgs/chef-3.jpg HTTP/1.1" 404 196
::1 - - [11/Jul/2022:18:20:27 -0500] "GET /pigga/assets/imgs/chef-2.jpg HTTP/1.1" 404 196
::1 - - [11/Jul/2022:18:20:27 -0500] "GET /pigga/assets/imgs/avatar.jpg HTTP/1.1" 404 196
::1 - - [11/Jul/2022:18:20:27 -0500] "GET /pigga/assets/imgs/avatar-1.jpg HTTP/1.1" 404 196
::1 - - [11/Jul/2022:18:20:27 -0500] "GET /pigga/assets/imgs/avatar-2.jpg HTTP/1.1" 404 196
::1 - - [11/Jul/2022:18:20:27 -0500] "GET /img/reservas.jpeg HTTP/1.1" 404 196
::1 - - [11/Jul/2022:18:20:27 -0500] "GET /pigga/assets/imgs/navbar-brand.svg HTTP/1.1" 404 196
::1 - - [11/Jul/2022:18:20:28 -0500] "GET / HTTP/1.1" 200 14298
::1 - - [11/Jul/2022:18:20:28 -0500] "GET /pigga/assets/vendors/themify-icons/css/themify-icons.css HTTP/1.1" 404 196
::1 - - [11/Jul/2022:18:20:28 -0500] "GET /pigga/assets/css/pigga.css HTTP/1.1" 404 196
::1 - - [11/Jul/2022:18:20:28 -0500] "GET /css/app.css HTTP/1.1" 404 196
::1 - - [11/Jul/2022:18:20:28 -0500] "GET /pigga/assets/vendors/jquery/jquery-3.4.1.js HTTP/1.1" 404 196
::1 - - [11/Jul/2022:18:20:28 -0500] "GET /pigga/assets/vendors/bootstrap/bootstrap.bundle.js HTTP/1.1" 404 196
::1 - - [11/Jul/2022:18:20:28 -0500] "GET /pigga/assets/imgs/navbar-brand.svg HTTP/1.1" 404 196
::1 - - [11/Jul/2022:18:20:28 -0500] "GET /pigga/assets/imgs/logo.svg HTTP/1.1" 404 196
::1 - - [11/Jul/2022:18:20:28 -0500] "GET /pigga/assets/imgs/about-1.jpg HTTP/1.1" 404 196
::1 - - [11/Jul/2022:18:20:28 -0500] "GET /pigga/assets/imgs/about-2.jpg HTTP/1.1" 404 196
::1 - - [11/Jul/2022:18:20:28 -0500] "GET /pigga/assets/imgs/about-3.jpg HTTP/1.1" 404 196
::1 - - [11/Jul/2022:18:20:28 -0500] "GET /pigga/assets/imgs/about-4.jpg HTTP/1.1" 404 196
::1 - - [11/Jul/2022:18:20:28 -0500] "GET /pigga/assets/vendors/bootstrap/bootstrap.affix.js HTTP/1.1" 404 196
::1 - - [11/Jul/2022:18:20:28 -0500] "GET /pigga/assets/js/pigga.js HTTP/1.1" 404 196
::1 - - [11/Jul/2022:18:20:28 -0500] "GET /pigga/assets/imgs/dish-1.jpg HTTP/1.1" 404 196
::1 - - [11/Jul/2022:18:20:28 -0500] "GET /pigga/assets/imgs/dish-2.jpg HTTP/1.1" 404 196
::1 - - [11/Jul/2022:18:20:28 -0500] "GET /pigga/assets/imgs/dish-4.jpg HTTP/1.1" 404 196
::1 - - [11/Jul/2022:18:20:28 -0500] "GET /pigga/assets/imgs/dish-3.jpg HTTP/1.1" 404 196
::1 - - [11/Jul/2022:18:20:28 -0500] "GET /pigga/assets/imgs/dish-5.jpg HTTP/1.1" 404 196
::1 - - [11/Jul/2022:18:20:28 -0500] "GET /pigga/assets/imgs/dish-6.jpg HTTP/1.1" 404 196
::1 - - [11/Jul/2022:18:20:28 -0500] "GET /pigga/assets/imgs/chef-1.jpg HTTP/1.1" 404 196
::1 - - [11/Jul/2022:18:20:28 -0500] "GET /pigga/assets/imgs/chef-2.jpg HTTP/1.1" 404 196
::1 - - [11/Jul/2022:18:20:28 -0500] "GET /pigga/assets/imgs/chef-3.jpg HTTP/1.1" 404 196
::1 - - [11/Jul/2022:18:20:28 -0500] "GET /pigga/assets/imgs/avatar.jpg HTTP/1.1" 404 196
::1 - - [11/Jul/2022:18:20:28 -0500] "GET /pigga/assets/imgs/avatar-1.jpg HTTP/1.1" 404 196
::1 - - [11/Jul/2022:18:20:28 -0500] "GET /pigga/assets/imgs/avatar-2.jpg HTTP/1.1" 404 196
::1 - - [11/Jul/2022:18:20:28 -0500] "GET /img/reservas.jpeg HTTP/1.1" 404 196
::1 - - [11/Jul/2022:18:20:28 -0500] "GET /pigga/assets/imgs/navbar-brand.svg HTTP/1.1" 404 196
::1 - - [11/Jul/2022:18:20:29 -0500] "GET / HTTP/1.1" 200 14298
::1 - - [11/Jul/2022:18:20:29 -0500] "GET /pigga/assets/css/pigga.css HTTP/1.1" 404 196
::1 - - [11/Jul/2022:18:20:29 -0500] "GET /pigga/assets/vendors/themify-icons/css/themify-icons.css HTTP/1.1" 404 196
::1 - - [11/Jul/2022:18:20:29 -0500] "GET /css/app.css HTTP/1.1" 404 196
::1 - - [11/Jul/2022:18:20:29 -0500] "GET /pigga/assets/vendors/jquery/jquery-3.4.1.js HTTP/1.1" 404 196
::1 - - [11/Jul/2022:18:20:29 -0500] "GET /pigga/assets/imgs/navbar-brand.svg HTTP/1.1" 404 196
::1 - - [11/Jul/2022:18:20:29 -0500] "GET /pigga/assets/imgs/logo.svg HTTP/1.1" 404 196
::1 - - [11/Jul/2022:18:20:29 -0500] "GET /pigga/assets/imgs/about-1.jpg HTTP/1.1" 404 196
::1 - - [11/Jul/2022:18:20:29 -0500] "GET /pigga/assets/imgs/about-2.jpg HTTP/1.1" 404 196
::1 - - [11/Jul/2022:18:20:29 -0500] "GET /pigga/assets/imgs/about-3.jpg HTTP/1.1" 404 196
::1 - - [11/Jul/2022:18:20:29 -0500] "GET /pigga/assets/imgs/about-4.jpg HTTP/1.1" 404 196
::1 - - [11/Jul/2022:18:20:29 -0500] "GET /pigga/assets/vendors/bootstrap/bootstrap.bundle.js HTTP/1.1" 404 196
::1 - - [11/Jul/2022:18:20:29 -0500] "GET /pigga/assets/vendors/bootstrap/bootstrap.affix.js HTTP/1.1" 404 196
::1 - - [11/Jul/2022:18:20:29 -0500] "GET /pigga/assets/js/pigga.js HTTP/1.1" 404 196
::1 - - [11/Jul/2022:18:20:29 -0500] "GET /pigga/assets/imgs/dish-2.jpg HTTP/1.1" 404 196
::1 - - [11/Jul/2022:18:20:29 -0500] "GET /pigga/assets/imgs/dish-1.jpg HTTP/1.1" 404 196
::1 - - [11/Jul/2022:18:20:29 -0500] "GET /pigga/assets/imgs/dish-3.jpg HTTP/1.1" 404 196
::1 - - [11/Jul/2022:18:20:29 -0500] "GET /pigga/assets/imgs/dish-4.jpg HTTP/1.1" 404 196
::1 - - [11/Jul/2022:18:20:29 -0500] "GET /pigga/assets/imgs/dish-5.jpg HTTP/1.1" 404 196
::1 - - [11/Jul/2022:18:20:29 -0500] "GET /pigga/assets/imgs/dish-6.jpg HTTP/1.1" 404 196
::1 - - [11/Jul/2022:18:20:29 -0500] "GET /pigga/assets/imgs/chef-2.jpg HTTP/1.1" 404 196
::1 - - [11/Jul/2022:18:20:29 -0500] "GET /pigga/assets/imgs/chef-1.jpg HTTP/1.1" 404 196
::1 - - [11/Jul/2022:18:20:29 -0500] "GET /pigga/assets/imgs/chef-3.jpg HTTP/1.1" 404 196
::1 - - [11/Jul/2022:18:20:29 -0500] "GET /pigga/assets/imgs/avatar.jpg HTTP/1.1" 404 196
::1 - - [11/Jul/2022:18:20:29 -0500] "GET /pigga/assets/imgs/avatar-1.jpg HTTP/1.1" 404 196
::1 - - [11/Jul/2022:18:20:29 -0500] "GET /pigga/assets/imgs/avatar-2.jpg HTTP/1.1" 404 196
::1 - - [11/Jul/2022:18:20:29 -0500] "GET /img/reservas.jpeg HTTP/1.1" 404 196
::1 - - [11/Jul/2022:18:20:29 -0500] "GET /pigga/assets/imgs/navbar-brand.svg HTTP/1.1" 404 196
::1 - - [11/Jul/2022:18:20:46 -0500] "GET / HTTP/1.1" 200 14298
::1 - - [11/Jul/2022:18:20:46 -0500] "GET /pigga/assets/vendors/themify-icons/css/themify-icons.css HTTP/1.1" 404 196
::1 - - [11/Jul/2022:18:20:46 -0500] "GET /css/app.css HTTP/1.1" 404 196
::1 - - [11/Jul/2022:18:20:46 -0500] "GET /pigga/assets/css/pigga.css HTTP/1.1" 404 196
::1 - - [11/Jul/2022:18:20:46 -0500] "GET /pigga/assets/vendors/jquery/jquery-3.4.1.js HTTP/1.1" 404 196
::1 - - [11/Jul/2022:18:20:46 -0500] "GET /pigga/assets/vendors/bootstrap/bootstrap.bundle.js HTTP/1.1" 404 196
::1 - - [11/Jul/2022:18:20:46 -0500] "GET /pigga/assets/vendors/bootstrap/bootstrap.affix.js HTTP/1.1" 404 196
::1 - - [11/Jul/2022:18:20:46 -0500] "GET /pigga/assets/imgs/navbar-brand.svg HTTP/1.1" 404 196
::1 - - [11/Jul/2022:18:20:46 -0500] "GET /pigga/assets/imgs/about-1.jpg HTTP/1.1" 404 196
::1 - - [11/Jul/2022:18:20:46 -0500] "GET /pigga/assets/imgs/logo.svg HTTP/1.1" 404 196
::1 - - [11/Jul/2022:18:20:46 -0500] "GET /pigga/assets/js/pigga.js HTTP/1.1" 404 196
::1 - - [11/Jul/2022:18:20:46 -0500] "GET /pigga/assets/imgs/about-2.jpg HTTP/1.1" 404 196
::1 - - [11/Jul/2022:18:20:46 -0500] "GET /pigga/assets/imgs/about-3.jpg HTTP/1.1" 404 196
::1 - - [11/Jul/2022:18:20:46 -0500] "GET /pigga/assets/imgs/about-4.jpg HTTP/1.1" 404 196
::1 - - [11/Jul/2022:18:20:46 -0500] "GET /pigga/assets/imgs/dish-1.jpg HTTP/1.1" 404 196
::1 - - [11/Jul/2022:18:20:46 -0500] "GET /pigga/assets/imgs/dish-2.jpg HTTP/1.1" 404 196
::1 - - [11/Jul/2022:18:20:46 -0500] "GET /pigga/assets/imgs/dish-3.jpg HTTP/1.1" 404 196
::1 - - [11/Jul/2022:18:20:46 -0500] "GET /pigga/assets/imgs/dish-4.jpg HTTP/1.1" 404 196
::1 - - [11/Jul/2022:18:20:46 -0500] "GET /pigga/assets/imgs/dish-5.jpg HTTP/1.1" 404 196
::1 - - [11/Jul/2022:18:20:46 -0500] "GET /pigga/assets/imgs/dish-6.jpg HTTP/1.1" 404 196
::1 - - [11/Jul/2022:18:20:46 -0500] "GET /pigga/assets/imgs/chef-1.jpg HTTP/1.1" 404 196
::1 - - [11/Jul/2022:18:20:46 -0500] "GET /pigga/assets/imgs/chef-2.jpg HTTP/1.1" 404 196
::1 - - [11/Jul/2022:18:20:46 -0500] "GET /pigga/assets/imgs/chef-3.jpg HTTP/1.1" 404 196
::1 - - [11/Jul/2022:18:20:46 -0500] "GET /pigga/assets/imgs/avatar.jpg HTTP/1.1" 404 196
::1 - - [11/Jul/2022:18:20:46 -0500] "GET /pigga/assets/imgs/avatar-1.jpg HTTP/1.1" 404 196
::1 - - [11/Jul/2022:18:20:46 -0500] "GET /pigga/assets/imgs/avatar-2.jpg HTTP/1.1" 404 196
::1 - - [11/Jul/2022:18:20:46 -0500] "GET /img/reservas.jpeg HTTP/1.1" 404 196
::1 - - [11/Jul/2022:18:20:46 -0500] "GET /pigga/assets/imgs/navbar-brand.svg HTTP/1.1" 404 196
::1 - - [11/Jul/2022:18:20:46 -0500] "GET / HTTP/1.1" 200 14298
::1 - - [11/Jul/2022:18:20:46 -0500] "GET /pigga/assets/vendors/themify-icons/css/themify-icons.css HTTP/1.1" 404 196
::1 - - [11/Jul/2022:18:20:46 -0500] "GET /pigga/assets/css/pigga.css HTTP/1.1" 404 196
::1 - - [11/Jul/2022:18:20:46 -0500] "GET /css/app.css HTTP/1.1" 404 196
::1 - - [11/Jul/2022:18:20:46 -0500] "GET /pigga/assets/vendors/jquery/jquery-3.4.1.js HTTP/1.1" 404 196
::1 - - [11/Jul/2022:18:20:46 -0500] "GET /pigga/assets/vendors/bootstrap/bootstrap.bundle.js HTTP/1.1" 404 196
::1 - - [11/Jul/2022:18:20:46 -0500] "GET /pigga/assets/imgs/navbar-brand.svg HTTP/1.1" 404 196
::1 - - [11/Jul/2022:18:20:46 -0500] "GET /pigga/assets/vendors/bootstrap/bootstrap.affix.js HTTP/1.1" 404 196
::1 - - [11/Jul/2022:18:20:46 -0500] "GET /pigga/assets/js/pigga.js HTTP/1.1" 404 196
::1 - - [11/Jul/2022:18:20:46 -0500] "GET /pigga/assets/imgs/about-1.jpg HTTP/1.1" 404 196
::1 - - [11/Jul/2022:18:20:46 -0500] "GET /pigga/assets/imgs/logo.svg HTTP/1.1" 404 196
::1 - - [11/Jul/2022:18:20:46 -0500] "GET /pigga/assets/imgs/about-2.jpg HTTP/1.1" 404 196
::1 - - [11/Jul/2022:18:20:46 -0500] "GET /pigga/assets/imgs/about-3.jpg HTTP/1.1" 404 196
::1 - - [11/Jul/2022:18:20:46 -0500] "GET /pigga/assets/imgs/about-4.jpg HTTP/1.1" 404 196
::1 - - [11/Jul/2022:18:20:46 -0500] "GET /pigga/assets/imgs/dish-1.jpg HTTP/1.1" 404 196
::1 - - [11/Jul/2022:18:20:46 -0500] "GET /pigga/assets/imgs/dish-2.jpg HTTP/1.1" 404 196
::1 - - [11/Jul/2022:18:20:46 -0500] "GET /pigga/assets/imgs/dish-3.jpg HTTP/1.1" 404 196
::1 - - [11/Jul/2022:18:20:46 -0500] "GET /pigga/assets/imgs/dish-4.jpg HTTP/1.1" 404 196
::1 - - [11/Jul/2022:18:20:46 -0500] "GET /pigga/assets/imgs/dish-6.jpg HTTP/1.1" 404 196
::1 - - [11/Jul/2022:18:20:46 -0500] "GET /pigga/assets/imgs/dish-5.jpg HTTP/1.1" 404 196
::1 - - [11/Jul/2022:18:20:46 -0500] "GET /pigga/assets/imgs/chef-1.jpg HTTP/1.1" 404 196
::1 - - [11/Jul/2022:18:20:46 -0500] "GET /pigga/assets/imgs/chef-2.jpg HTTP/1.1" 404 196
::1 - - [11/Jul/2022:18:20:46 -0500] "GET /pigga/assets/imgs/chef-3.jpg HTTP/1.1" 404 196
::1 - - [11/Jul/2022:18:20:46 -0500] "GET /pigga/assets/imgs/avatar.jpg HTTP/1.1" 404 196
::1 - - [11/Jul/2022:18:20:46 -0500] "GET /img/reservas.jpeg HTTP/1.1" 404 196
::1 - - [11/Jul/2022:18:20:46 -0500] "GET /pigga/assets/imgs/avatar-1.jpg HTTP/1.1" 404 196
::1 - - [11/Jul/2022:18:20:46 -0500] "GET /pigga/assets/imgs/avatar-2.jpg HTTP/1.1" 404 196
::1 - - [11/Jul/2022:18:20:46 -0500] "GET /pigga/assets/imgs/navbar-brand.svg HTTP/1.1" 404 196
::1 - - [11/Jul/2022:18:20:47 -0500] "GET / HTTP/1.1" 200 14298
::1 - - [11/Jul/2022:18:20:47 -0500] "GET /pigga/assets/vendors/themify-icons/css/themify-icons.css HTTP/1.1" 404 196
::1 - - [11/Jul/2022:18:20:47 -0500] "GET /pigga/assets/css/pigga.css HTTP/1.1" 404 196
::1 - - [11/Jul/2022:18:20:47 -0500] "GET /css/app.css HTTP/1.1" 404 196
::1 - - [11/Jul/2022:18:20:47 -0500] "GET /pigga/assets/vendors/jquery/jquery-3.4.1.js HTTP/1.1" 404 196
::1 - - [11/Jul/2022:18:20:47 -0500] "GET /pigga/assets/imgs/navbar-brand.svg HTTP/1.1" 404 196
::1 - - [11/Jul/2022:18:20:47 -0500] "GET /pigga/assets/imgs/logo.svg HTTP/1.1" 404 196
::1 - - [11/Jul/2022:18:20:47 -0500] "GET /pigga/assets/vendors/bootstrap/bootstrap.bundle.js HTTP/1.1" 404 196
::1 - - [11/Jul/2022:18:20:47 -0500] "GET /pigga/assets/vendors/bootstrap/bootstrap.affix.js HTTP/1.1" 404 196
::1 - - [11/Jul/2022:18:20:47 -0500] "GET /pigga/assets/imgs/about-1.jpg HTTP/1.1" 404 196
::1 - - [11/Jul/2022:18:20:47 -0500] "GET /pigga/assets/js/pigga.js HTTP/1.1" 404 196
::1 - - [11/Jul/2022:18:20:47 -0500] "GET /pigga/assets/imgs/about-2.jpg HTTP/1.1" 404 196
::1 - - [11/Jul/2022:18:20:47 -0500] "GET /pigga/assets/imgs/about-4.jpg HTTP/1.1" 404 196
::1 - - [11/Jul/2022:18:20:47 -0500] "GET /pigga/assets/imgs/about-3.jpg HTTP/1.1" 404 196
::1 - - [11/Jul/2022:18:20:47 -0500] "GET /pigga/assets/imgs/dish-1.jpg HTTP/1.1" 404 196
::1 - - [11/Jul/2022:18:20:47 -0500] "GET /pigga/assets/imgs/dish-2.jpg HTTP/1.1" 404 196
::1 - - [11/Jul/2022:18:20:47 -0500] "GET /pigga/assets/imgs/dish-3.jpg HTTP/1.1" 404 196
::1 - - [11/Jul/2022:18:20:47 -0500] "GET /pigga/assets/imgs/dish-4.jpg HTTP/1.1" 404 196
::1 - - [11/Jul/2022:18:20:48 -0500] "GET /pigga/assets/imgs/dish-5.jpg HTTP/1.1" 404 196
::1 - - [11/Jul/2022:18:20:48 -0500] "GET /pigga/assets/imgs/dish-6.jpg HTTP/1.1" 404 196
::1 - - [11/Jul/2022:18:20:48 -0500] "GET /pigga/assets/imgs/chef-1.jpg HTTP/1.1" 404 196
::1 - - [11/Jul/2022:18:20:48 -0500] "GET /pigga/assets/imgs/chef-3.jpg HTTP/1.1" 404 196
::1 - - [11/Jul/2022:18:20:48 -0500] "GET /pigga/assets/imgs/chef-2.jpg HTTP/1.1" 404 196
::1 - - [11/Jul/2022:18:20:48 -0500] "GET /pigga/assets/imgs/avatar.jpg HTTP/1.1" 404 196
::1 - - [11/Jul/2022:18:20:48 -0500] "GET /pigga/assets/imgs/avatar-1.jpg HTTP/1.1" 404 196
::1 - - [11/Jul/2022:18:20:48 -0500] "GET /pigga/assets/imgs/avatar-2.jpg HTTP/1.1" 404 196
::1 - - [11/Jul/2022:18:20:48 -0500] "GET /img/reservas.jpeg HTTP/1.1" 404 196
::1 - - [11/Jul/2022:18:20:48 -0500] "GET /pigga/assets/imgs/navbar-brand.svg HTTP/1.1" 404 196
::1 - - [11/Jul/2022:18:20:48 -0500] "GET /favicon.ico HTTP/1.1" 404 196
::1 - - [11/Jul/2022:18:20:48 -0500] "GET / HTTP/1.1" 200 14298
::1 - - [11/Jul/2022:18:20:48 -0500] "GET /pigga/assets/vendors/themify-icons/css/themify-icons.css HTTP/1.1" 404 196
::1 - - [11/Jul/2022:18:20:48 -0500] "GET /pigga/assets/css/pigga.css HTTP/1.1" 404 196
::1 - - [11/Jul/2022:18:20:48 -0500] "GET /css/app.css HTTP/1.1" 404 196
::1 - - [11/Jul/2022:18:20:48 -0500] "GET /pigga/assets/vendors/jquery/jquery-3.4.1.js HTTP/1.1" 404 196
::1 - - [11/Jul/2022:18:20:48 -0500] "GET /pigga/assets/vendors/bootstrap/bootstrap.bundle.js HTTP/1.1" 404 196
::1 - - [11/Jul/2022:18:20:48 -0500] "GET /pigga/assets/vendors/bootstrap/bootstrap.affix.js HTTP/1.1" 404 196
::1 - - [11/Jul/2022:18:20:48 -0500] "GET /pigga/assets/imgs/navbar-brand.svg HTTP/1.1" 404 196
::1 - - [11/Jul/2022:18:20:48 -0500] "GET /pigga/assets/js/pigga.js HTTP/1.1" 404 196
::1 - - [11/Jul/2022:18:20:48 -0500] "GET /pigga/assets/imgs/about-1.jpg HTTP/1.1" 404 196
::1 - - [11/Jul/2022:18:20:48 -0500] "GET /pigga/assets/imgs/logo.svg HTTP/1.1" 404 196
::1 - - [11/Jul/2022:18:20:48 -0500] "GET /pigga/assets/imgs/about-2.jpg HTTP/1.1" 404 196
::1 - - [11/Jul/2022:18:20:48 -0500] "GET /pigga/assets/imgs/about-3.jpg HTTP/1.1" 404 196
::1 - - [11/Jul/2022:18:20:48 -0500] "GET /pigga/assets/imgs/about-4.jpg HTTP/1.1" 404 196
::1 - - [11/Jul/2022:18:20:48 -0500] "GET /pigga/assets/imgs/dish-1.jpg HTTP/1.1" 404 196
::1 - - [11/Jul/2022:18:20:48 -0500] "GET /pigga/assets/imgs/dish-2.jpg HTTP/1.1" 404 196
::1 - - [11/Jul/2022:18:20:48 -0500] "GET /pigga/assets/imgs/dish-3.jpg HTTP/1.1" 404 196
::1 - - [11/Jul/2022:18:20:48 -0500] "GET /pigga/assets/imgs/dish-4.jpg HTTP/1.1" 404 196
::1 - - [11/Jul/2022:18:20:48 -0500] "GET /pigga/assets/imgs/dish-5.jpg HTTP/1.1" 404 196
::1 - - [11/Jul/2022:18:20:48 -0500] "GET /pigga/assets/imgs/dish-6.jpg HTTP/1.1" 404 196
::1 - - [11/Jul/2022:18:20:48 -0500] "GET /pigga/assets/imgs/chef-1.jpg HTTP/1.1" 404 196
::1 - - [11/Jul/2022:18:20:48 -0500] "GET /pigga/assets/imgs/chef-2.jpg HTTP/1.1" 404 196
::1 - - [11/Jul/2022:18:20:48 -0500] "GET /pigga/assets/imgs/chef-3.jpg HTTP/1.1" 404 196
::1 - - [11/Jul/2022:18:20:48 -0500] "GET /pigga/assets/imgs/avatar.jpg HTTP/1.1" 404 196
::1 - - [11/Jul/2022:18:20:48 -0500] "GET /pigga/assets/imgs/avatar-1.jpg HTTP/1.1" 404 196
::1 - - [11/Jul/2022:18:20:48 -0500] "GET /pigga/assets/imgs/avatar-2.jpg HTTP/1.1" 404 196
::1 - - [11/Jul/2022:18:20:48 -0500] "GET /img/reservas.jpeg HTTP/1.1" 404 196
::1 - - [11/Jul/2022:18:20:48 -0500] "GET /pigga/assets/imgs/navbar-brand.svg HTTP/1.1" 404 196
::1 - - [11/Jul/2022:18:20:48 -0500] "GET /favicon.ico HTTP/1.1" 404 196
::1 - - [11/Jul/2022:18:21:24 -0500] "GET / HTTP/1.1" 200 14298
::1 - - [11/Jul/2022:18:21:24 -0500] "GET /css/app.css HTTP/1.1" 200 55
::1 - - [11/Jul/2022:18:21:24 -0500] "GET /pigga/assets/vendors/themify-icons/css/themify-icons.css HTTP/1.1" 200 16450
::1 - - [11/Jul/2022:18:21:24 -0500] "GET /pigga/assets/css/pigga.css HTTP/1.1" 200 239113
::1 - - [11/Jul/2022:18:21:24 -0500] "GET /pigga/assets/vendors/bootstrap/bootstrap.affix.js HTTP/1.1" 200 4838
::1 - - [11/Jul/2022:18:21:24 -0500] "GET /pigga/assets/js/pigga.js HTTP/1.1" 200 866
::1 - - [11/Jul/2022:18:21:24 -0500] "GET /pigga/assets/vendors/bootstrap/bootstrap.bundle.js HTTP/1.1" 200 222911
::1 - - [11/Jul/2022:18:21:24 -0500] "GET /pigga/assets/vendors/jquery/jquery-3.4.1.js HTTP/1.1" 200 280364
::1 - - [11/Jul/2022:18:21:24 -0500] "GET /pigga/assets/imgs/navbar-brand.svg HTTP/1.1" 200 93967
::1 - - [11/Jul/2022:18:21:24 -0500] "GET /pigga/assets/imgs/logo.svg HTTP/1.1" 200 127263
::1 - - [11/Jul/2022:18:21:24 -0500] "GET /pigga/assets/imgs/about-1.jpg HTTP/1.1" 200 38447
::1 - - [11/Jul/2022:18:21:24 -0500] "GET /pigga/assets/imgs/about-3.jpg HTTP/1.1" 200 47087
::1 - - [11/Jul/2022:18:21:24 -0500] "GET /pigga/assets/imgs/about-2.jpg HTTP/1.1" 200 28084
::1 - - [11/Jul/2022:18:21:24 -0500] "GET /pigga/assets/imgs/dish-1.jpg HTTP/1.1" 200 9335
::1 - - [11/Jul/2022:18:21:24 -0500] "GET /pigga/assets/imgs/dish-2.jpg HTTP/1.1" 200 7918
::1 - - [11/Jul/2022:18:21:24 -0500] "GET /pigga/assets/imgs/about-4.jpg HTTP/1.1" 200 38046
::1 - - [11/Jul/2022:18:21:24 -0500] "GET /pigga/assets/imgs/dish-3.jpg HTTP/1.1" 200 8834
::1 - - [11/Jul/2022:18:21:24 -0500] "GET /pigga/assets/imgs/dish-4.jpg HTTP/1.1" 200 11693
::1 - - [11/Jul/2022:18:21:24 -0500] "GET /pigga/assets/imgs/dish-5.jpg HTTP/1.1" 200 10432
::1 - - [11/Jul/2022:18:21:24 -0500] "GET /pigga/assets/imgs/chef-1.jpg HTTP/1.1" 200 17889
::1 - - [11/Jul/2022:18:21:24 -0500] "GET /pigga/assets/imgs/chef-2.jpg HTTP/1.1" 200 18782
::1 - - [11/Jul/2022:18:21:24 -0500] "GET /pigga/assets/imgs/dish-6.jpg HTTP/1.1" 200 23271
::1 - - [11/Jul/2022:18:21:24 -0500] "GET /pigga/assets/imgs/chef-3.jpg HTTP/1.1" 200 24523
::1 - - [11/Jul/2022:18:21:24 -0500] "GET /pigga/assets/imgs/avatar.jpg HTTP/1.1" 200 33456
::1 - - [11/Jul/2022:18:21:24 -0500] "GET /pigga/assets/imgs/avatar-1.jpg HTTP/1.1" 200 17714
::1 - - [11/Jul/2022:18:21:24 -0500] "GET /pigga/assets/imgs/avatar-2.jpg HTTP/1.1" 200 22929
::1 - - [11/Jul/2022:18:21:24 -0500] "GET /img/reservas.jpeg HTTP/1.1" 200 82214
::1 - - [11/Jul/2022:18:21:24 -0500] "GET /pigga/assets/imgs/header.jpg HTTP/1.1" 200 220868
::1 - - [11/Jul/2022:18:21:24 -0500] "GET /pigga/assets/imgs/style-4.png HTTP/1.1" 200 5190
::1 - - [11/Jul/2022:18:21:24 -0500] "GET /pigga/assets/imgs/style-3.png HTTP/1.1" 200 76
::1 - - [11/Jul/2022:18:21:24 -0500] "GET /pigga/assets/vendors/themify-icons/fonts/themify.woff?-fvbane HTTP/1.1" 200 56108
::1 - - [11/Jul/2022:18:21:25 -0500] "GET / HTTP/1.1" 200 14298
::1 - - [11/Jul/2022:18:21:26 -0500] "GET / HTTP/1.1" 200 14298
::1 - - [11/Jul/2022:18:21:26 -0500] "GET /css/app.css HTTP/1.1" 200 55
::1 - - [11/Jul/2022:18:21:26 -0500] "GET /pigga/assets/css/pigga.css HTTP/1.1" 200 239113
::1 - - [11/Jul/2022:18:21:26 -0500] "GET /pigga/assets/vendors/themify-icons/css/themify-icons.css HTTP/1.1" 200 16450
::1 - - [11/Jul/2022:18:21:26 -0500] "GET /pigga/assets/imgs/logo.svg HTTP/1.1" 200 127263
::1 - - [11/Jul/2022:18:21:26 -0500] "GET /pigga/assets/imgs/navbar-brand.svg HTTP/1.1" 200 93967
::1 - - [11/Jul/2022:18:21:26 -0500] "GET /pigga/assets/imgs/about-3.jpg HTTP/1.1" 200 47087
::1 - - [11/Jul/2022:18:21:26 -0500] "GET /pigga/assets/imgs/about-1.jpg HTTP/1.1" 200 38447
::1 - - [11/Jul/2022:18:21:26 -0500] "GET /pigga/assets/imgs/about-4.jpg HTTP/1.1" 200 38046
::1 - - [11/Jul/2022:18:21:26 -0500] "GET /pigga/assets/imgs/about-2.jpg HTTP/1.1" 200 28084
::1 - - [11/Jul/2022:18:21:26 -0500] "GET /pigga/assets/imgs/dish-2.jpg HTTP/1.1" 200 7918
::1 - - [11/Jul/2022:18:21:26 -0500] "GET /pigga/assets/imgs/dish-1.jpg HTTP/1.1" 200 9335
::1 - - [11/Jul/2022:18:21:26 -0500] "GET /pigga/assets/imgs/dish-3.jpg HTTP/1.1" 200 8834
::1 - - [11/Jul/2022:18:21:26 -0500] "GET /pigga/assets/imgs/dish-5.jpg HTTP/1.1" 200 10432
::1 - - [11/Jul/2022:18:21:26 -0500] "GET /pigga/assets/imgs/dish-4.jpg HTTP/1.1" 200 11693
::1 - - [11/Jul/2022:18:21:26 -0500] "GET /pigga/assets/imgs/dish-6.jpg HTTP/1.1" 200 23271
::1 - - [11/Jul/2022:18:21:26 -0500] "GET /pigga/assets/vendors/jquery/jquery-3.4.1.js HTTP/1.1" 200 280364
::1 - - [11/Jul/2022:18:21:26 -0500] "GET /pigga/assets/vendors/bootstrap/bootstrap.bundle.js HTTP/1.1" 200 222911
::1 - - [11/Jul/2022:18:21:26 -0500] "GET /pigga/assets/vendors/bootstrap/bootstrap.affix.js HTTP/1.1" 200 4838
::1 - - [11/Jul/2022:18:21:26 -0500] "GET /pigga/assets/js/pigga.js HTTP/1.1" 200 866
::1 - - [11/Jul/2022:18:21:26 -0500] "GET /pigga/assets/imgs/chef-1.jpg HTTP/1.1" 200 17889
::1 - - [11/Jul/2022:18:21:26 -0500] "GET /pigga/assets/imgs/chef-2.jpg HTTP/1.1" 200 18782
::1 - - [11/Jul/2022:18:21:26 -0500] "GET /pigga/assets/imgs/chef-3.jpg HTTP/1.1" 200 24523
::1 - - [11/Jul/2022:18:21:26 -0500] "GET /pigga/assets/imgs/avatar.jpg HTTP/1.1" 200 33456
::1 - - [11/Jul/2022:18:21:26 -0500] "GET /pigga/assets/imgs/avatar-1.jpg HTTP/1.1" 200 17714
::1 - - [11/Jul/2022:18:21:26 -0500] "GET /img/reservas.jpeg HTTP/1.1" 200 82214
::1 - - [11/Jul/2022:18:21:26 -0500] "GET /pigga/assets/imgs/avatar-2.jpg HTTP/1.1" 200 22929
::1 - - [11/Jul/2022:18:21:26 -0500] "GET /pigga/assets/imgs/header.jpg HTTP/1.1" 200 220868
::1 - - [11/Jul/2022:18:21:26 -0500] "GET /pigga/assets/imgs/style-4.png HTTP/1.1" 200 5190
::1 - - [11/Jul/2022:18:21:26 -0500] "GET /pigga/assets/imgs/style-3.png HTTP/1.1" 200 76
::1 - - [11/Jul/2022:18:21:26 -0500] "GET /pigga/assets/vendors/themify-icons/fonts/themify.woff?-fvbane HTTP/1.1" 200 56108
::1 - - [11/Jul/2022:18:21:26 -0500] "GET /favicon.ico HTTP/1.1" 200 372
127.0.0.1 - - [11/Jul/2022:18:23:01 -0500] "GET / HTTP/1.1" 200 14298
127.0.0.1 - - [11/Jul/2022:18:23:02 -0500] "GET / HTTP/1.1" 200 14298
127.0.0.1 - - [11/Jul/2022:18:23:12 -0500] "GET / HTTP/1.1" 200 14298
127.0.0.1 - - [11/Jul/2022:18:24:30 -0500] "GET / HTTP/1.1" 200 78064
127.0.0.1 - - [11/Jul/2022:18:24:31 -0500] "GET / HTTP/1.1" 200 77934
127.0.0.1 - - [11/Jul/2022:18:24:32 -0500] "GET / HTTP/1.1" 200 77934
127.0.0.1 - - [11/Jul/2022:19:05:36 -0500] "GET / HTTP/1.1" 200 14298
127.0.0.1 - - [11/Jul/2022:19:05:36 -0500] "GET /pigga/assets/vendors/themify-icons/css/themify-icons.css HTTP/1.1" 200 16450
127.0.0.1 - - [11/Jul/2022:19:05:36 -0500] "GET /css/app.css HTTP/1.1" 200 55
127.0.0.1 - - [11/Jul/2022:19:05:36 -0500] "GET /pigga/assets/css/pigga.css HTTP/1.1" 200 239113
127.0.0.1 - - [11/Jul/2022:19:05:36 -0500] "GET /pigga/assets/vendors/jquery/jquery-3.4.1.js HTTP/1.1" 200 280364
127.0.0.1 - - [11/Jul/2022:19:05:36 -0500] "GET /pigga/assets/vendors/bootstrap/bootstrap.bundle.js HTTP/1.1" 200 222911
127.0.0.1 - - [11/Jul/2022:19:05:36 -0500] "GET /pigga/assets/vendors/bootstrap/bootstrap.affix.js HTTP/1.1" 200 4838
127.0.0.1 - - [11/Jul/2022:19:05:36 -0500] "GET /pigga/assets/js/pigga.js HTTP/1.1" 200 866
127.0.0.1 - - [11/Jul/2022:19:05:36 -0500] "GET /pigga/assets/imgs/navbar-brand.svg HTTP/1.1" 200 93967
127.0.0.1 - - [11/Jul/2022:19:05:36 -0500] "GET /pigga/assets/imgs/logo.svg HTTP/1.1" 200 127263
127.0.0.1 - - [11/Jul/2022:19:05:36 -0500] "GET /pigga/assets/imgs/about-1.jpg HTTP/1.1" 200 38447
127.0.0.1 - - [11/Jul/2022:19:05:36 -0500] "GET /pigga/assets/imgs/about-2.jpg HTTP/1.1" 200 28084
127.0.0.1 - - [11/Jul/2022:19:05:36 -0500] "GET /pigga/assets/imgs/about-4.jpg HTTP/1.1" 200 38046
127.0.0.1 - - [11/Jul/2022:19:05:36 -0500] "GET /pigga/assets/imgs/about-3.jpg HTTP/1.1" 200 47087
127.0.0.1 - - [11/Jul/2022:19:05:36 -0500] "GET /pigga/assets/imgs/dish-1.jpg HTTP/1.1" 200 9335
127.0.0.1 - - [11/Jul/2022:19:05:36 -0500] "GET /pigga/assets/imgs/dish-2.jpg HTTP/1.1" 200 7918
127.0.0.1 - - [11/Jul/2022:19:05:36 -0500] "GET /pigga/assets/imgs/dish-3.jpg HTTP/1.1" 200 8834
127.0.0.1 - - [11/Jul/2022:19:05:36 -0500] "GET /pigga/assets/imgs/dish-4.jpg HTTP/1.1" 200 11693
127.0.0.1 - - [11/Jul/2022:19:05:36 -0500] "GET /pigga/assets/imgs/dish-6.jpg HTTP/1.1" 200 23271
127.0.0.1 - - [11/Jul/2022:19:05:36 -0500] "GET /pigga/assets/imgs/dish-5.jpg HTTP/1.1" 200 10432
127.0.0.1 - - [11/Jul/2022:19:05:36 -0500] "GET /pigga/assets/imgs/chef-1.jpg HTTP/1.1" 200 17889
127.0.0.1 - - [11/Jul/2022:19:05:36 -0500] "GET /pigga/assets/imgs/chef-2.jpg HTTP/1.1" 200 18782
127.0.0.1 - - [11/Jul/2022:19:05:36 -0500] "GET /pigga/assets/imgs/chef-3.jpg HTTP/1.1" 200 24523
127.0.0.1 - - [11/Jul/2022:19:05:36 -0500] "GET /pigga/assets/imgs/avatar.jpg HTTP/1.1" 200 33456
127.0.0.1 - - [11/Jul/2022:19:05:36 -0500] "GET /img/reservas.jpeg HTTP/1.1" 200 82214
127.0.0.1 - - [11/Jul/2022:19:05:36 -0500] "GET /pigga/assets/imgs/avatar-1.jpg HTTP/1.1" 200 17714
127.0.0.1 - - [11/Jul/2022:19:05:36 -0500] "GET /pigga/assets/imgs/avatar-2.jpg HTTP/1.1" 200 22929
127.0.0.1 - - [11/Jul/2022:19:05:37 -0500] "GET /pigga/assets/imgs/header.jpg HTTP/1.1" 200 220868
127.0.0.1 - - [11/Jul/2022:19:05:37 -0500] "GET /pigga/assets/imgs/style-4.png HTTP/1.1" 200 5190
127.0.0.1 - - [11/Jul/2022:19:05:37 -0500] "GET /pigga/assets/imgs/style-3.png HTTP/1.1" 200 76
127.0.0.1 - - [11/Jul/2022:19:05:37 -0500] "GET /pigga/assets/vendors/themify-icons/fonts/themify.woff?-fvbane HTTP/1.1" 200 56108
127.0.0.1 - - [11/Jul/2022:19:05:37 -0500] "GET /favicon.ico HTTP/1.1" 200 372
127.0.0.1 - - [11/Jul/2022:19:05:44 -0500] "GET /usuarios/iniciarSesion HTTP/1.1" 500 65918
127.0.0.1 - - [11/Jul/2022:19:05:51 -0500] "GET /usuarios/iniciarSesion HTTP/1.1" 500 65918
127.0.0.1 - - [11/Jul/2022:19:05:51 -0500] "GET /usuarios/iniciarSesion HTTP/1.1" 500 65918
127.0.0.1 - - [11/Jul/2022:19:06:01 -0500] "GET / HTTP/1.1" 200 14298
127.0.0.1 - - [11/Jul/2022:19:06:29 -0500] "GET / HTTP/1.1" 200 14298
127.0.0.1 - - [11/Jul/2022:19:07:50 -0500] "GET / HTTP/1.1" 200 14298
127.0.0.1 - - [11/Jul/2022:19:13:27 -0500] "GET / HTTP/1.1" 200 14298
127.0.0.1 - - [11/Jul/2022:19:13:30 -0500] "GET /usuarios/iniciarSesion HTTP/1.1" 500 65918
127.0.0.1 - - [11/Jul/2022:19:14:25 -0500] "GET / HTTP/1.1" 200 14298
