PHP Warning:  PHP Startup: Unable to load dynamic library 'intl' (tried: ext\\intl (No se puede encontrar el m\xc3\xb3dulo especificado.), ext\\php_intl.dll (%1 no es una aplicaci\xc3\xb3n Win32 v\xc3\xa1lida.)) in Unknown on line 0
PHP Warning:  PHP Startup: Unable to load dynamic library 'mysqli' (tried: ext\\mysqli (No se puede encontrar el m\xc3\xb3dulo especificado.), ext\\php_mysqli.dll (%1 no es una aplicaci\xc3\xb3n Win32 v\xc3\xa1lida.)) in Unknown on line 0
PHP Warning:  PHP Startup: Unable to load dynamic library 'pdo_mysql' (tried: ext\\pdo_mysql (No se puede encontrar el m\xc3\xb3dulo especificado.), ext\\php_pdo_mysql.dll (%1 no es una aplicaci\xc3\xb3n Win32 v\xc3\xa1lida.)) in Unknown on line 0
[Mon Jul 11 18:17:58.771401 2022] [mpm_winnt:notice] [pid 14484:tid 400] AH00455: Apache/2.4.54 (Win32) OpenSSL/1.1.1p PHP/7.4.30 configured -- resuming normal operations
[Mon Jul 11 18:17:58.771401 2022] [mpm_winnt:notice] [pid 14484:tid 400] AH00456: Server built: Jun 23 2022 16:43:03
[Mon Jul 11 18:17:58.771401 2022] [core:notice] [pid 14484:tid 400] AH00094: Command line: 'httpd.exe -d D:/Dixon/laragon/www/php-webview/bin/Apache24'
[Mon Jul 11 18:17:58.773374 2022] [mpm_winnt:notice] [pid 14484:tid 400] AH00418: Parent: Created child process 1332
Apache server interrupted...
able to load dynamic library 'intl' (tried: ext\\intl (No se puede encontrar el m\xc3\xb3dulo especificado.), ext\\php_intl.dll (%1 no es una aplicaci\xc3\xb3n Win32 v\xc3\xa1lida.)) in Unknown on line 0
PHP Warning:  PHP Startup: Unable to load dynamic library 'mysqli' (tried: ext\\mysqli (No se puede encontrar el m\xc3\xb3dulo especificado.), ext\\php_mysqli.dll (%1 no es una aplicaci\xc3\xb3n Win32 v\xc3\xa1lida.)) in Unknown on line 0
PHP Warning:  PHP Startup: Unable to load dynamic library 'pdo_mysql' (tried: ext\\pdo_mysql (No se puede encontrar el m\xc3\xb3dulo especificado.), ext\\php_pdo_mysql.dll (%1 no es una aplicaci\xc3\xb3n Win32 v\xc3\xa1lida.)) in Unknown on line 0
[Mon Jul 11 18:17:59.352172 2022] [mpm_winnt:notice] [pid 1332:tid 396] AH00354: Child: Starting 64 worker threads.
[Mon Jul 11 18:18:05.161395 2022] [mpm_winnt:notice] [pid 14484:tid 400] AH00422: Parent: Received shutdown signal -- Shutting down the server.
Apache server interrupted...
Apache server interrupted...
Apache server interrupted...
[Mon Jul 11 18:18:07.180629 2022] [mpm_winnt:notice] [pid 1332:tid 396] AH00364: Child: All worker threads have exited.
[Mon Jul 11 18:18:07.201228 2022] [mpm_winnt:notice] [pid 14484:tid 400] AH00430: Parent: Child process 1332 exited successfully.
Apache server interrupted...
PHP Warning:  PHP Startup: Unable to load dynamic library 'intl' (tried: ext\\intl (No se puede encontrar el m\xc3\xb3dulo especificado.), ext\\php_intl.dll (%1 no es una aplicaci\xc3\xb3n Win32 v\xc3\xa1lida.)) in Unknown on line 0
PHP Warning:  PHP Startup: Unable to load dynamic library 'mysqli' (tried: ext\\mysqli (No se puede encontrar el m\xc3\xb3dulo especificado.), ext\\php_mysqli.dll (%1 no es una aplicaci\xc3\xb3n Win32 v\xc3\xa1lida.)) in Unknown on line 0
PHP Warning:  PHP Startup: Unable to load dynamic library 'pdo_mysql' (tried: ext\\pdo_mysql (No se puede encontrar el m\xc3\xb3dulo especificado.), ext\\php_pdo_mysql.dll (%1 no es una aplicaci\xc3\xb3n Win32 v\xc3\xa1lida.)) in Unknown on line 0
[Mon Jul 11 18:18:27.018727 2022] [mpm_winnt:notice] [pid 18512:tid 400] AH00455: Apache/2.4.54 (Win32) OpenSSL/1.1.1p PHP/7.4.30 configured -- resuming normal operations
[Mon Jul 11 18:18:27.018727 2022] [mpm_winnt:notice] [pid 18512:tid 400] AH00456: Server built: Jun 23 2022 16:43:03
[Mon Jul 11 18:18:27.018727 2022] [core:notice] [pid 18512:tid 400] AH00094: Command line: 'httpd.exe -d D:/Dixon/laragon/www/php-webview/bin/Apache24'
[Mon Jul 11 18:18:27.020743 2022] [mpm_winnt:notice] [pid 18512:tid 400] AH00418: Parent: Created child process 12436
Apache server interrupted...
able to load dynamic library 'intl' (tried: ext\\intl (No se puede encontrar el m\xc3\xb3dulo especificado.), ext\\php_intl.dll (%1 no es una aplicaci\xc3\xb3n Win32 v\xc3\xa1lida.)) in Unknown on line 0
PHP Warning:  PHP Startup: Unable to load dynamic library 'mysqli' (tried: ext\\mysqli (No se puede encontrar el m\xc3\xb3dulo especificado.), ext\\php_mysqli.dll (%1 no es una aplicaci\xc3\xb3n Win32 v\xc3\xa1lida.)) in Unknown on line 0
PHP Warning:  PHP Startup: Unable to load dynamic library 'pdo_mysql' (tried: ext\\pdo_mysql (No se puede encontrar el m\xc3\xb3dulo especificado.), ext\\php_pdo_mysql.dll (%1 no es una aplicaci\xc3\xb3n Win32 v\xc3\xa1lida.)) in Unknown on line 0
[Mon Jul 11 18:18:27.631163 2022] [mpm_winnt:notice] [pid 12436:tid 400] AH00354: Child: Starting 64 worker threads.
[Mon Jul 11 18:19:05.830914 2022] [mpm_winnt:notice] [pid 18512:tid 400] AH00422: Parent: Received shutdown signal -- Shutting down the server.
Apache server interrupted...
Apache server interrupted...
Apache server interrupted...
Apache server interrupted...
Apache server interrupted...
[Mon Jul 11 18:19:07.841957 2022] [mpm_winnt:notice] [pid 12436:tid 400] AH00364: Child: All worker threads have exited.
[Mon Jul 11 18:19:07.863282 2022] [mpm_winnt:notice] [pid 18512:tid 400] AH00430: Parent: Child process 12436 exited successfully.
PHP Warning:  PHP Startup: Unable to load dynamic library 'intl' (tried: ext\\intl (No se puede encontrar el m\xc3\xb3dulo especificado.), ext\\php_intl.dll (%1 no es una aplicaci\xc3\xb3n Win32 v\xc3\xa1lida.)) in Unknown on line 0
PHP Warning:  PHP Startup: Unable to load dynamic library 'mysqli' (tried: ext\\mysqli (No se puede encontrar el m\xc3\xb3dulo especificado.), ext\\php_mysqli.dll (%1 no es una aplicaci\xc3\xb3n Win32 v\xc3\xa1lida.)) in Unknown on line 0
PHP Warning:  PHP Startup: Unable to load dynamic library 'pdo_mysql' (tried: ext\\pdo_mysql (No se puede encontrar el m\xc3\xb3dulo especificado.), ext\\php_pdo_mysql.dll (%1 no es una aplicaci\xc3\xb3n Win32 v\xc3\xa1lida.)) in Unknown on line 0
[Mon Jul 11 18:19:46.898287 2022] [mpm_winnt:notice] [pid 3392:tid 424] AH00455: Apache/2.4.54 (Win32) OpenSSL/1.1.1p PHP/7.4.30 configured -- resuming normal operations
[Mon Jul 11 18:19:46.898287 2022] [mpm_winnt:notice] [pid 3392:tid 424] AH00456: Server built: Jun 23 2022 16:43:03
[Mon Jul 11 18:19:46.898287 2022] [core:notice] [pid 3392:tid 424] AH00094: Command line: 'httpd.exe -d D:/Dixon/laragon/www/php-webview/bin/Apache24'
[Mon Jul 11 18:19:46.900312 2022] [mpm_winnt:notice] [pid 3392:tid 424] AH00418: Parent: Created child process 11728
Apache server interrupted...
able to load dynamic library 'intl' (tried: ext\\intl (No se puede encontrar el m\xc3\xb3dulo especificado.), ext\\php_intl.dll (%1 no es una aplicaci\xc3\xb3n Win32 v\xc3\xa1lida.)) in Unknown on line 0
PHP Warning:  PHP Startup: Unable to load dynamic library 'mysqli' (tried: ext\\mysqli (No se puede encontrar el m\xc3\xb3dulo especificado.), ext\\php_mysqli.dll (%1 no es una aplicaci\xc3\xb3n Win32 v\xc3\xa1lida.)) in Unknown on line 0
PHP Warning:  PHP Startup: Unable to load dynamic library 'pdo_mysql' (tried: ext\\pdo_mysql (No se puede encontrar el m\xc3\xb3dulo especificado.), ext\\php_pdo_mysql.dll (%1 no es una aplicaci\xc3\xb3n Win32 v\xc3\xa1lida.)) in Unknown on line 0
[Mon Jul 11 18:19:47.473795 2022] [mpm_winnt:notice] [pid 11728:tid 400] AH00354: Child: Starting 64 worker threads.
[Mon Jul 11 18:19:53.524331 2022] [mpm_winnt:notice] [pid 3392:tid 424] AH00422: Parent: Received shutdown signal -- Shutting down the server.
Apache server interrupted...
Apache server interrupted...
Apache server interrupted...
Apache server interrupted...
Apache server interrupted...
Apache server interrupted...
Apache server interrupted...
Apache server interrupted...
Apache server interrupted...
[Mon Jul 11 18:19:57.490950 2022] [mpm_winnt:notice] [pid 11728:tid 400] AH00364: Child: All worker threads have exited.
[Mon Jul 11 18:19:57.512435 2022] [mpm_winnt:notice] [pid 3392:tid 424] AH00430: Parent: Child process 11728 exited successfully.
Apache server interrupted...
PHP Warning:  PHP Startup: Unable to load dynamic library 'intl' (tried: ext\\intl (No se puede encontrar el m\xc3\xb3dulo especificado.), ext\\php_intl.dll (%1 no es una aplicaci\xc3\xb3n Win32 v\xc3\xa1lida.)) in Unknown on line 0
PHP Warning:  PHP Startup: Unable to load dynamic library 'mysqli' (tried: ext\\mysqli (No se puede encontrar el m\xc3\xb3dulo especificado.), ext\\php_mysqli.dll (%1 no es una aplicaci\xc3\xb3n Win32 v\xc3\xa1lida.)) in Unknown on line 0
PHP Warning:  PHP Startup: Unable to load dynamic library 'pdo_mysql' (tried: ext\\pdo_mysql (No se puede encontrar el m\xc3\xb3dulo especificado.), ext\\php_pdo_mysql.dll (%1 no es una aplicaci\xc3\xb3n Win32 v\xc3\xa1lida.)) in Unknown on line 0
[Mon Jul 11 18:20:23.975328 2022] [mpm_winnt:notice] [pid 8416:tid 400] AH00455: Apache/2.4.54 (Win32) OpenSSL/1.1.1p PHP/7.4.30 configured -- resuming normal operations
[Mon Jul 11 18:20:23.975328 2022] [mpm_winnt:notice] [pid 8416:tid 400] AH00456: Server built: Jun 23 2022 16:43:03
[Mon Jul 11 18:20:23.975328 2022] [core:notice] [pid 8416:tid 400] AH00094: Command line: 'httpd.exe -d D:/Dixon/laragon/www/php-webview/bin/Apache24'
[Mon Jul 11 18:20:23.976337 2022] [mpm_winnt:notice] [pid 8416:tid 400] AH00418: Parent: Created child process 7388
Apache server interrupted...
able to load dynamic library 'intl' (tried: ext\\intl (No se puede encontrar el m\xc3\xb3dulo especificado.), ext\\php_intl.dll (%1 no es una aplicaci\xc3\xb3n Win32 v\xc3\xa1lida.)) in Unknown on line 0
PHP Warning:  PHP Startup: Unable to load dynamic library 'mysqli' (tried: ext\\mysqli (No se puede encontrar el m\xc3\xb3dulo especificado.), ext\\php_mysqli.dll (%1 no es una aplicaci\xc3\xb3n Win32 v\xc3\xa1lida.)) in Unknown on line 0
PHP Warning:  PHP Startup: Unable to load dynamic library 'pdo_mysql' (tried: ext\\pdo_mysql (No se puede encontrar el m\xc3\xb3dulo especificado.), ext\\php_pdo_mysql.dll (%1 no es una aplicaci\xc3\xb3n Win32 v\xc3\xa1lida.)) in Unknown on line 0
[Mon Jul 11 18:20:24.595479 2022] [mpm_winnt:notice] [pid 7388:tid 400] AH00354: Child: Starting 64 worker threads.
[Mon Jul 11 18:20:38.877769 2022] [mpm_winnt:notice] [pid 8416:tid 400] AH00422: Parent: Received shutdown signal -- Shutting down the server.
Apache server interrupted...
Apache server interrupted...
Apache server interrupted...
[Mon Jul 11 18:20:40.885376 2022] [mpm_winnt:notice] [pid 7388:tid 400] AH00364: Child: All worker threads have exited.
[Mon Jul 11 18:20:40.907105 2022] [mpm_winnt:notice] [pid 8416:tid 400] AH00430: Parent: Child process 7388 exited successfully.
PHP Warning:  PHP Startup: Unable to load dynamic library 'intl' (tried: ext\\intl (No se puede encontrar el m\xc3\xb3dulo especificado.), ext\\php_intl.dll (%1 no es una aplicaci\xc3\xb3n Win32 v\xc3\xa1lida.)) in Unknown on line 0
PHP Warning:  PHP Startup: Unable to load dynamic library 'mysqli' (tried: ext\\mysqli (No se puede encontrar el m\xc3\xb3dulo especificado.), ext\\php_mysqli.dll (%1 no es una aplicaci\xc3\xb3n Win32 v\xc3\xa1lida.)) in Unknown on line 0
PHP Warning:  PHP Startup: Unable to load dynamic library 'pdo_mysql' (tried: ext\\pdo_mysql (No se puede encontrar el m\xc3\xb3dulo especificado.), ext\\php_pdo_mysql.dll (%1 no es una aplicaci\xc3\xb3n Win32 v\xc3\xa1lida.)) in Unknown on line 0
[Mon Jul 11 18:20:44.531608 2022] [mpm_winnt:notice] [pid 19472:tid 400] AH00455: Apache/2.4.54 (Win32) OpenSSL/1.1.1p PHP/7.4.30 configured -- resuming normal operations
[Mon Jul 11 18:20:44.531608 2022] [mpm_winnt:notice] [pid 19472:tid 400] AH00456: Server built: Jun 23 2022 16:43:03
[Mon Jul 11 18:20:44.531608 2022] [core:notice] [pid 19472:tid 400] AH00094: Command line: 'httpd.exe -d D:/Dixon/laragon/www/php-webview/bin/Apache24'
[Mon Jul 11 18:20:44.533602 2022] [mpm_winnt:notice] [pid 19472:tid 400] AH00418: Parent: Created child process 17772
Apache server interrupted...
able to load dynamic library 'intl' (tried: ext\\intl (No se puede encontrar el m\xc3\xb3dulo especificado.), ext\\php_intl.dll (%1 no es una aplicaci\xc3\xb3n Win32 v\xc3\xa1lida.)) in Unknown on line 0
PHP Warning:  PHP Startup: Unable to load dynamic library 'mysqli' (tried: ext\\mysqli (No se puede encontrar el m\xc3\xb3dulo especificado.), ext\\php_mysqli.dll (%1 no es una aplicaci\xc3\xb3n Win32 v\xc3\xa1lida.)) in Unknown on line 0
PHP Warning:  PHP Startup: Unable to load dynamic library 'pdo_mysql' (tried: ext\\pdo_mysql (No se puede encontrar el m\xc3\xb3dulo especificado.), ext\\php_pdo_mysql.dll (%1 no es una aplicaci\xc3\xb3n Win32 v\xc3\xa1lida.)) in Unknown on line 0
[Mon Jul 11 18:20:45.126201 2022] [mpm_winnt:notice] [pid 17772:tid 396] AH00354: Child: Starting 64 worker threads.
[Mon Jul 11 18:20:52.945695 2022] [mpm_winnt:notice] [pid 19472:tid 400] AH00422: Parent: Received shutdown signal -- Shutting down the server.
Apache server interrupted...
Apache server interrupted...
Apache server interrupted...
Apache server interrupted...
[Mon Jul 11 18:20:55.487801 2022] [mpm_winnt:notice] [pid 17772:tid 396] AH00364: Child: All worker threads have exited.
[Mon Jul 11 18:20:55.509742 2022] [mpm_winnt:notice] [pid 19472:tid 400] AH00430: Parent: Child process 17772 exited successfully.
PHP Warning:  PHP Startup: Unable to load dynamic library 'intl' (tried: ext\\intl (No se puede encontrar el m\xc3\xb3dulo especificado.), ext\\php_intl.dll (%1 no es una aplicaci\xc3\xb3n Win32 v\xc3\xa1lida.)) in Unknown on line 0
PHP Warning:  PHP Startup: Unable to load dynamic library 'mysqli' (tried: ext\\mysqli (No se puede encontrar el m\xc3\xb3dulo especificado.), ext\\php_mysqli.dll (%1 no es una aplicaci\xc3\xb3n Win32 v\xc3\xa1lida.)) in Unknown on line 0
PHP Warning:  PHP Startup: Unable to load dynamic library 'pdo_mysql' (tried: ext\\pdo_mysql (No se puede encontrar el m\xc3\xb3dulo especificado.), ext\\php_pdo_mysql.dll (%1 no es una aplicaci\xc3\xb3n Win32 v\xc3\xa1lida.)) in Unknown on line 0
[Mon Jul 11 18:21:23.260696 2022] [mpm_winnt:notice] [pid 19848:tid 400] AH00455: Apache/2.4.54 (Win32) OpenSSL/1.1.1p PHP/7.4.30 configured -- resuming normal operations
[Mon Jul 11 18:21:23.260696 2022] [mpm_winnt:notice] [pid 19848:tid 400] AH00456: Server built: Jun 23 2022 16:43:03
[Mon Jul 11 18:21:23.260696 2022] [core:notice] [pid 19848:tid 400] AH00094: Command line: 'httpd.exe -d D:/Dixon/laragon/www/php-webview/bin/Apache24'
[Mon Jul 11 18:21:23.262690 2022] [mpm_winnt:notice] [pid 19848:tid 400] AH00418: Parent: Created child process 12868
Apache server interrupted...
able to load dynamic library 'intl' (tried: ext\\intl (No se puede encontrar el m\xc3\xb3dulo especificado.), ext\\php_intl.dll (%1 no es una aplicaci\xc3\xb3n Win32 v\xc3\xa1lida.)) in Unknown on line 0
PHP Warning:  PHP Startup: Unable to load dynamic library 'mysqli' (tried: ext\\mysqli (No se puede encontrar el m\xc3\xb3dulo especificado.), ext\\php_mysqli.dll (%1 no es una aplicaci\xc3\xb3n Win32 v\xc3\xa1lida.)) in Unknown on line 0
PHP Warning:  PHP Startup: Unable to load dynamic library 'pdo_mysql' (tried: ext\\pdo_mysql (No se puede encontrar el m\xc3\xb3dulo especificado.), ext\\php_pdo_mysql.dll (%1 no es una aplicaci\xc3\xb3n Win32 v\xc3\xa1lida.)) in Unknown on line 0
[Mon Jul 11 18:21:23.860974 2022] [mpm_winnt:notice] [pid 12868:tid 400] AH00354: Child: Starting 64 worker threads.
[Mon Jul 11 18:21:29.114659 2022] [mpm_winnt:notice] [pid 19848:tid 400] AH00422: Parent: Received shutdown signal -- Shutting down the server.
Apache server interrupted...
Apache server interrupted...
Apache server interrupted...
Apache server interrupted...
Apache server interrupted...
[Mon Jul 11 18:21:33.824160 2022] [mpm_winnt:notice] [pid 12868:tid 400] AH00364: Child: All worker threads have exited.
[Mon Jul 11 18:21:33.847100 2022] [mpm_winnt:notice] [pid 19848:tid 400] AH00430: Parent: Child process 12868 exited successfully.
PHP Warning:  PHP Startup: Unable to load dynamic library 'intl' (tried: ext\\intl (No se puede encontrar el m\xc3\xb3dulo especificado.), ext\\php_intl.dll (%1 no es una aplicaci\xc3\xb3n Win32 v\xc3\xa1lida.)) in Unknown on line 0
PHP Warning:  PHP Startup: Unable to load dynamic library 'mysqli' (tried: ext\\mysqli (No se puede encontrar el m\xc3\xb3dulo especificado.), ext\\php_mysqli.dll (%1 no es una aplicaci\xc3\xb3n Win32 v\xc3\xa1lida.)) in Unknown on line 0
PHP Warning:  PHP Startup: Unable to load dynamic library 'pdo_mysql' (tried: ext\\pdo_mysql (No se puede encontrar el m\xc3\xb3dulo especificado.), ext\\php_pdo_mysql.dll (%1 no es una aplicaci\xc3\xb3n Win32 v\xc3\xa1lida.)) in Unknown on line 0
[Mon Jul 11 18:22:59.204270 2022] [mpm_winnt:notice] [pid 16044:tid 400] AH00455: Apache/2.4.54 (Win32) OpenSSL/1.1.1p PHP/7.4.30 configured -- resuming normal operations
[Mon Jul 11 18:22:59.204270 2022] [mpm_winnt:notice] [pid 16044:tid 400] AH00456: Server built: Jun 23 2022 16:43:03
[Mon Jul 11 18:22:59.204270 2022] [core:notice] [pid 16044:tid 400] AH00094: Command line: 'httpd.exe -d D:/Dixon/laragon/www/php-webview/bin/Apache24'
[Mon Jul 11 18:22:59.206232 2022] [mpm_winnt:notice] [pid 16044:tid 400] AH00418: Parent: Created child process 23180
Apache server interrupted...
able to load dynamic library 'intl' (tried: ext\\intl (No se puede encontrar el m\xc3\xb3dulo especificado.), ext\\php_intl.dll (%1 no es una aplicaci\xc3\xb3n Win32 v\xc3\xa1lida.)) in Unknown on line 0
PHP Warning:  PHP Startup: Unable to load dynamic library 'mysqli' (tried: ext\\mysqli (No se puede encontrar el m\xc3\xb3dulo especificado.), ext\\php_mysqli.dll (%1 no es una aplicaci\xc3\xb3n Win32 v\xc3\xa1lida.)) in Unknown on line 0
PHP Warning:  PHP Startup: Unable to load dynamic library 'pdo_mysql' (tried: ext\\pdo_mysql (No se puede encontrar el m\xc3\xb3dulo especificado.), ext\\php_pdo_mysql.dll (%1 no es una aplicaci\xc3\xb3n Win32 v\xc3\xa1lida.)) in Unknown on line 0
[Mon Jul 11 18:22:59.817949 2022] [mpm_winnt:notice] [pid 23180:tid 396] AH00354: Child: Starting 64 worker threads.
[Mon Jul 11 18:23:04.127348 2022] [mpm_winnt:notice] [pid 16044:tid 400] AH00422: Parent: Received shutdown signal -- Shutting down the server.
Apache server interrupted...
Apache server interrupted...
Apache server interrupted...
Apache server interrupted...
Apache server interrupted...
Apache server interrupted...
Apache server interrupted...
Apache server interrupted...
Apache server interrupted...
Apache server interrupted...
Apache server interrupted...
Apache server interrupted...
Apache server interrupted...
Apache server interrupted...
Apache server interrupted...
Apache server interrupted...
Apache server interrupted...
Apache server interrupted...
Apache server interrupted...
Apache server interrupted...
Apache server interrupted...
Apache server interrupted...
Apache server interrupted...
Apache server interrupted...
Apache server interrupted...
Apache server interrupted...
Apache server interrupted...
Apache server interrupted...
Apache server interrupted...
[Mon Jul 11 18:23:12.948150 2022] [mpm_winnt:notice] [pid 23180:tid 396] AH00364: Child: All worker threads have exited.
[Mon Jul 11 18:23:12.970090 2022] [mpm_winnt:notice] [pid 16044:tid 400] AH00430: Parent: Child process 23180 exited successfully.
PHP Warning:  PHP Startup: Unable to load dynamic library 'intl' (tried: ext\\intl (No se puede encontrar el m\xc3\xb3dulo especificado.), ext\\php_intl.dll (%1 no es una aplicaci\xc3\xb3n Win32 v\xc3\xa1lida.)) in Unknown on line 0
PHP Warning:  PHP Startup: Unable to load dynamic library 'mysqli' (tried: ext\\mysqli (No se puede encontrar el m\xc3\xb3dulo especificado.), ext\\php_mysqli.dll (%1 no es una aplicaci\xc3\xb3n Win32 v\xc3\xa1lida.)) in Unknown on line 0
PHP Warning:  PHP Startup: Unable to load dynamic library 'pdo_mysql' (tried: ext\\pdo_mysql (No se puede encontrar el m\xc3\xb3dulo especificado.), ext\\php_pdo_mysql.dll (%1 no es una aplicaci\xc3\xb3n Win32 v\xc3\xa1lida.)) in Unknown on line 0
[Mon Jul 11 18:23:57.126893 2022] [mpm_winnt:notice] [pid 3108:tid 400] AH00455: Apache/2.4.54 (Win32) OpenSSL/1.1.1p PHP/7.4.30 configured -- resuming normal operations
[Mon Jul 11 18:23:57.126893 2022] [mpm_winnt:notice] [pid 3108:tid 400] AH00456: Server built: Jun 23 2022 16:43:03
[Mon Jul 11 18:23:57.126893 2022] [core:notice] [pid 3108:tid 400] AH00094: Command line: 'httpd.exe -d D:/Dixon/laragon/www/php-webview/bin/Apache24'
[Mon Jul 11 18:23:57.128888 2022] [mpm_winnt:notice] [pid 3108:tid 400] AH00418: Parent: Created child process 23432
Apache server interrupted...
able to load dynamic library 'intl' (tried: ext\\intl (No se puede encontrar el m\xc3\xb3dulo especificado.), ext\\php_intl.dll (%1 no es una aplicaci\xc3\xb3n Win32 v\xc3\xa1lida.)) in Unknown on line 0
PHP Warning:  PHP Startup: Unable to load dynamic library 'mysqli' (tried: ext\\mysqli (No se puede encontrar el m\xc3\xb3dulo especificado.), ext\\php_mysqli.dll (%1 no es una aplicaci\xc3\xb3n Win32 v\xc3\xa1lida.)) in Unknown on line 0
PHP Warning:  PHP Startup: Unable to load dynamic library 'pdo_mysql' (tried: ext\\pdo_mysql (No se puede encontrar el m\xc3\xb3dulo especificado.), ext\\php_pdo_mysql.dll (%1 no es una aplicaci\xc3\xb3n Win32 v\xc3\xa1lida.)) in Unknown on line 0
[Mon Jul 11 18:23:57.699992 2022] [mpm_winnt:notice] [pid 23432:tid 400] AH00354: Child: Starting 64 worker threads.
[Mon Jul 11 18:24:44.210183 2022] [mpm_winnt:notice] [pid 3108:tid 400] AH00422: Parent: Received shutdown signal -- Shutting down the server.
Apache server interrupted...
Apache server interrupted...
Apache server interrupted...
[Mon Jul 11 18:25:14.210469 2022] [mpm_winnt:notice] [pid 3108:tid 400] AH00431: Parent: Forcing termination of child process 23432
PHP Warning:  PHP Startup: Unable to load dynamic library 'intl' (tried: ext\\intl (No se puede encontrar el m\xc3\xb3dulo especificado.), ext\\php_intl.dll (%1 no es una aplicaci\xc3\xb3n Win32 v\xc3\xa1lida.)) in Unknown on line 0
PHP Warning:  PHP Startup: Unable to load dynamic library 'mysqli' (tried: ext\\mysqli (No se puede encontrar el m\xc3\xb3dulo especificado.), ext\\php_mysqli.dll (%1 no es una aplicaci\xc3\xb3n Win32 v\xc3\xa1lida.)) in Unknown on line 0
PHP Warning:  PHP Startup: Unable to load dynamic library 'pdo_mysql' (tried: ext\\pdo_mysql (No se puede encontrar el m\xc3\xb3dulo especificado.), ext\\php_pdo_mysql.dll (%1 no es una aplicaci\xc3\xb3n Win32 v\xc3\xa1lida.)) in Unknown on line 0
[Mon Jul 11 19:05:36.173971 2022] [mpm_winnt:notice] [pid 18480:tid 416] AH00455: Apache/2.4.54 (Win32) OpenSSL/1.1.1p PHP/7.4.30 configured -- resuming normal operations
[Mon Jul 11 19:05:36.173971 2022] [mpm_winnt:notice] [pid 18480:tid 416] AH00456: Server built: Jun 23 2022 16:43:03
[Mon Jul 11 19:05:36.173971 2022] [core:notice] [pid 18480:tid 416] AH00094: Command line: 'D:\\Dixon\\laragon\\www\\php-webview\\bin\\Apache24\\bin\\httpd.exe -d D:/Dixon/laragon/www/php-webview/bin/Apache24'
[Mon Jul 11 19:05:36.174968 2022] [mpm_winnt:notice] [pid 18480:tid 416] AH00418: Parent: Created child process 1380
PHP Warning:  PHP Startup: Unable to load dynamic library 'intl' (tried: ext\\intl (No se puede encontrar el m\xc3\xb3dulo especificado.), ext\\php_intl.dll (%1 no es una aplicaci\xc3\xb3n Win32 v\xc3\xa1lida.)) in Unknown on line 0
PHP Warning:  PHP Startup: Unable to load dynamic library 'mysqli' (tried: ext\\mysqli (No se puede encontrar el m\xc3\xb3dulo especificado.), ext\\php_mysqli.dll (%1 no es una aplicaci\xc3\xb3n Win32 v\xc3\xa1lida.)) in Unknown on line 0
PHP Warning:  PHP Startup: Unable to load dynamic library 'pdo_mysql' (tried: ext\\pdo_mysql (No se puede encontrar el m\xc3\xb3dulo especificado.), ext\\php_pdo_mysql.dll (%1 no es una aplicaci\xc3\xb3n Win32 v\xc3\xa1lida.)) in Unknown on line 0
[Mon Jul 11 19:05:36.893507 2022] [mpm_winnt:notice] [pid 1380:tid 420] AH00354: Child: Starting 64 worker threads.
[Mon Jul 11 19:05:36.895502 2022] [mpm_winnt:warn] [pid 1380:tid 1808] AH02531: winnt_accept: Listen protocol '#php-webview-listen' has no known accept filter. Using 'none' instead
[Mon Jul 11 19:05:52.586101 2022] [mpm_winnt:crit] [pid 1380:tid 420] AH02538: Child: Parent process exited abruptly. Child process is ending
[Mon Jul 11 19:05:52.586101 2022] [mpm_winnt:warn] [pid 1380:tid 4] (OS 995)La operación de E/S se anuló por una salida de subproceso o por una solicitud de aplicación.  : AH00341: winnt_accept: Asynchronous AcceptEx failed.
[Mon Jul 11 19:05:52.586101 2022] [mpm_winnt:warn] [pid 1380:tid 1932] (OS 995)La operación de E/S se anuló por una salida de subproceso o por una solicitud de aplicación.  : AH00341: winnt_accept: Asynchronous AcceptEx failed.
[Mon Jul 11 19:05:54.597720 2022] [mpm_winnt:notice] [pid 1380:tid 420] AH00364: Child: All worker threads have exited.
[Mon Jul 11 19:06:00.255855 2022] [core:warn] [pid 21648:tid 420] AH00098: pid file D:/Dixon/laragon/www/php-webview/bin/Apache24/logs/httpd.pid overwritten -- Unclean shutdown of previous Apache run?
PHP Warning:  PHP Startup: Unable to load dynamic library 'intl' (tried: ext\\intl (No se puede encontrar el m\xc3\xb3dulo especificado.), ext\\php_intl.dll (%1 no es una aplicaci\xc3\xb3n Win32 v\xc3\xa1lida.)) in Unknown on line 0
PHP Warning:  PHP Startup: Unable to load dynamic library 'mysqli' (tried: ext\\mysqli (No se puede encontrar el m\xc3\xb3dulo especificado.), ext\\php_mysqli.dll (%1 no es una aplicaci\xc3\xb3n Win32 v\xc3\xa1lida.)) in Unknown on line 0
PHP Warning:  PHP Startup: Unable to load dynamic library 'pdo_mysql' (tried: ext\\pdo_mysql (No se puede encontrar el m\xc3\xb3dulo especificado.), ext\\php_pdo_mysql.dll (%1 no es una aplicaci\xc3\xb3n Win32 v\xc3\xa1lida.)) in Unknown on line 0
[Mon Jul 11 19:06:00.280788 2022] [mpm_winnt:notice] [pid 21648:tid 420] AH00455: Apache/2.4.54 (Win32) OpenSSL/1.1.1p PHP/7.4.30 configured -- resuming normal operations
[Mon Jul 11 19:06:00.280788 2022] [mpm_winnt:notice] [pid 21648:tid 420] AH00456: Server built: Jun 23 2022 16:43:03
[Mon Jul 11 19:06:00.280788 2022] [core:notice] [pid 21648:tid 420] AH00094: Command line: 'D:\\Dixon\\laragon\\www\\php-webview\\bin\\Apache24\\bin\\httpd.exe -d D:/Dixon/laragon/www/php-webview/bin/Apache24'
[Mon Jul 11 19:06:00.282783 2022] [mpm_winnt:notice] [pid 21648:tid 420] AH00418: Parent: Created child process 23456
PHP Warning:  PHP Startup: Unable to load dynamic library 'intl' (tried: ext\\intl (No se puede encontrar el m\xc3\xb3dulo especificado.), ext\\php_intl.dll (%1 no es una aplicaci\xc3\xb3n Win32 v\xc3\xa1lida.)) in Unknown on line 0
PHP Warning:  PHP Startup: Unable to load dynamic library 'mysqli' (tried: ext\\mysqli (No se puede encontrar el m\xc3\xb3dulo especificado.), ext\\php_mysqli.dll (%1 no es una aplicaci\xc3\xb3n Win32 v\xc3\xa1lida.)) in Unknown on line 0
PHP Warning:  PHP Startup: Unable to load dynamic library 'pdo_mysql' (tried: ext\\pdo_mysql (No se puede encontrar el m\xc3\xb3dulo especificado.), ext\\php_pdo_mysql.dll (%1 no es una aplicaci\xc3\xb3n Win32 v\xc3\xa1lida.)) in Unknown on line 0
[Mon Jul 11 19:06:01.047334 2022] [mpm_winnt:notice] [pid 23456:tid 396] AH00354: Child: Starting 64 worker threads.
[Mon Jul 11 19:06:01.049328 2022] [mpm_winnt:warn] [pid 23456:tid 1804] AH02531: winnt_accept: Listen protocol '#php-webview-listen' has no known accept filter. Using 'none' instead
[Mon Jul 11 19:06:04.365159 2022] [mpm_winnt:crit] [pid 23456:tid 396] AH02538: Child: Parent process exited abruptly. Child process is ending
[Mon Jul 11 19:06:04.366157 2022] [mpm_winnt:warn] [pid 23456:tid 4] (OS 995)La operación de E/S se anuló por una salida de subproceso o por una solicitud de aplicación.  : AH00341: winnt_accept: Asynchronous AcceptEx failed.
[Mon Jul 11 19:06:04.366157 2022] [mpm_winnt:warn] [pid 23456:tid 1892] (OS 995)La operación de E/S se anuló por una salida de subproceso o por una solicitud de aplicación.  : AH00341: winnt_accept: Asynchronous AcceptEx failed.
[Mon Jul 11 19:06:06.389055 2022] [mpm_winnt:notice] [pid 23456:tid 396] AH00364: Child: All worker threads have exited.
[Mon Jul 11 19:06:28.581107 2022] [core:warn] [pid 5348:tid 280] AH00098: pid file D:/Dixon/laragon/www/php-webview/bin/Apache24/logs/httpd.pid overwritten -- Unclean shutdown of previous Apache run?
PHP Warning:  PHP Startup: Unable to load dynamic library 'intl' (tried: ext\\intl (No se puede encontrar el m\xc3\xb3dulo especificado.), ext\\php_intl.dll (%1 no es una aplicaci\xc3\xb3n Win32 v\xc3\xa1lida.)) in Unknown on line 0
PHP Warning:  PHP Startup: Unable to load dynamic library 'mysqli' (tried: ext\\mysqli (No se puede encontrar el m\xc3\xb3dulo especificado.), ext\\php_mysqli.dll (%1 no es una aplicaci\xc3\xb3n Win32 v\xc3\xa1lida.)) in Unknown on line 0
PHP Warning:  PHP Startup: Unable to load dynamic library 'pdo_mysql' (tried: ext\\pdo_mysql (No se puede encontrar el m\xc3\xb3dulo especificado.), ext\\php_pdo_mysql.dll (%1 no es una aplicaci\xc3\xb3n Win32 v\xc3\xa1lida.)) in Unknown on line 0
[Mon Jul 11 19:06:28.607034 2022] [mpm_winnt:notice] [pid 5348:tid 280] AH00455: Apache/2.4.54 (Win32) OpenSSL/1.1.1p PHP/7.4.30 configured -- resuming normal operations
[Mon Jul 11 19:06:28.607034 2022] [mpm_winnt:notice] [pid 5348:tid 280] AH00456: Server built: Jun 23 2022 16:43:03
[Mon Jul 11 19:06:28.607034 2022] [core:notice] [pid 5348:tid 280] AH00094: Command line: 'D:\\Dixon\\laragon\\www\\php-webview\\bin\\Apache24\\bin\\httpd.exe -d D:/Dixon/laragon/www/php-webview/bin/Apache24'
[Mon Jul 11 19:06:28.609030 2022] [mpm_winnt:notice] [pid 5348:tid 280] AH00418: Parent: Created child process 8692
PHP Warning:  PHP Startup: Unable to load dynamic library 'intl' (tried: ext\\intl (No se puede encontrar el m\xc3\xb3dulo especificado.), ext\\php_intl.dll (%1 no es una aplicaci\xc3\xb3n Win32 v\xc3\xa1lida.)) in Unknown on line 0
PHP Warning:  PHP Startup: Unable to load dynamic library 'mysqli' (tried: ext\\mysqli (No se puede encontrar el m\xc3\xb3dulo especificado.), ext\\php_mysqli.dll (%1 no es una aplicaci\xc3\xb3n Win32 v\xc3\xa1lida.)) in Unknown on line 0
PHP Warning:  PHP Startup: Unable to load dynamic library 'pdo_mysql' (tried: ext\\pdo_mysql (No se puede encontrar el m\xc3\xb3dulo especificado.), ext\\php_pdo_mysql.dll (%1 no es una aplicaci\xc3\xb3n Win32 v\xc3\xa1lida.)) in Unknown on line 0
[Mon Jul 11 19:06:29.384636 2022] [mpm_winnt:notice] [pid 8692:tid 404] AH00354: Child: Starting 64 worker threads.
[Mon Jul 11 19:06:29.386631 2022] [mpm_winnt:warn] [pid 8692:tid 1804] AH02531: winnt_accept: Listen protocol '#php-webview-listen' has no known accept filter. Using 'none' instead
[Mon Jul 11 19:06:32.967953 2022] [mpm_winnt:crit] [pid 8692:tid 404] AH02538: Child: Parent process exited abruptly. Child process is ending
[Mon Jul 11 19:06:32.967953 2022] [mpm_winnt:warn] [pid 8692:tid 4] (OS 995)La operación de E/S se anuló por una salida de subproceso o por una solicitud de aplicación.  : AH00341: winnt_accept: Asynchronous AcceptEx failed.
[Mon Jul 11 19:06:32.968945 2022] [mpm_winnt:error] [pid 8692:tid 4] (OS 10038)Se intentó realizar una operación en un elemento que no es un socket.  : AH00337: Child: Encountered too many AcceptEx faults accepting client connections. Possible causes: dynamic address renewal, or incompatible VPN or firewall software. 
[Mon Jul 11 19:06:32.968945 2022] [mpm_winnt:notice] [pid 8692:tid 4] (OS 10038)Se intentó realizar una operación en un elemento que no es un socket.  : AH00338: winnt_mpm: falling back to 'AcceptFilter none'.
[Mon Jul 11 19:06:34.980022 2022] [mpm_winnt:notice] [pid 8692:tid 404] AH00364: Child: All worker threads have exited.
[Mon Jul 11 19:07:49.529613 2022] [core:warn] [pid 12844:tid 412] AH00098: pid file D:/Dixon/laragon/www/php-webview/bin/Apache24/logs/httpd.pid overwritten -- Unclean shutdown of previous Apache run?
PHP Warning:  PHP Startup: Unable to load dynamic library 'intl' (tried: ext\\intl (No se puede encontrar el m\xc3\xb3dulo especificado.), ext\\php_intl.dll (%1 no es una aplicaci\xc3\xb3n Win32 v\xc3\xa1lida.)) in Unknown on line 0
PHP Warning:  PHP Startup: Unable to load dynamic library 'mysqli' (tried: ext\\mysqli (No se puede encontrar el m\xc3\xb3dulo especificado.), ext\\php_mysqli.dll (%1 no es una aplicaci\xc3\xb3n Win32 v\xc3\xa1lida.)) in Unknown on line 0
PHP Warning:  PHP Startup: Unable to load dynamic library 'pdo_mysql' (tried: ext\\pdo_mysql (No se puede encontrar el m\xc3\xb3dulo especificado.), ext\\php_pdo_mysql.dll (%1 no es una aplicaci\xc3\xb3n Win32 v\xc3\xa1lida.)) in Unknown on line 0
[Mon Jul 11 19:07:49.551557 2022] [mpm_winnt:notice] [pid 12844:tid 412] AH00455: Apache/2.4.54 (Win32) OpenSSL/1.1.1p PHP/7.4.30 configured -- resuming normal operations
[Mon Jul 11 19:07:49.551557 2022] [mpm_winnt:notice] [pid 12844:tid 412] AH00456: Server built: Jun 23 2022 16:43:03
[Mon Jul 11 19:07:49.551557 2022] [core:notice] [pid 12844:tid 412] AH00094: Command line: 'D:\\Dixon\\laragon\\www\\php-webview\\bin\\Apache24\\bin\\httpd.exe -d D:/Dixon/laragon/www/php-webview/bin/Apache24'
[Mon Jul 11 19:07:49.553551 2022] [mpm_winnt:notice] [pid 12844:tid 412] AH00418: Parent: Created child process 9180
PHP Warning:  PHP Startup: Unable to load dynamic library 'intl' (tried: ext\\intl (No se puede encontrar el m\xc3\xb3dulo especificado.), ext\\php_intl.dll (%1 no es una aplicaci\xc3\xb3n Win32 v\xc3\xa1lida.)) in Unknown on line 0
PHP Warning:  PHP Startup: Unable to load dynamic library 'mysqli' (tried: ext\\mysqli (No se puede encontrar el m\xc3\xb3dulo especificado.), ext\\php_mysqli.dll (%1 no es una aplicaci\xc3\xb3n Win32 v\xc3\xa1lida.)) in Unknown on line 0
PHP Warning:  PHP Startup: Unable to load dynamic library 'pdo_mysql' (tried: ext\\pdo_mysql (No se puede encontrar el m\xc3\xb3dulo especificado.), ext\\php_pdo_mysql.dll (%1 no es una aplicaci\xc3\xb3n Win32 v\xc3\xa1lida.)) in Unknown on line 0
[Mon Jul 11 19:07:50.297744 2022] [mpm_winnt:notice] [pid 9180:tid 400] AH00354: Child: Starting 64 worker threads.
[Mon Jul 11 19:07:50.299734 2022] [mpm_winnt:warn] [pid 9180:tid 1812] AH02531: winnt_accept: Listen protocol '#php-webview-listen' has no known accept filter. Using 'none' instead
[Mon Jul 11 19:08:06.527191 2022] [mpm_winnt:crit] [pid 9180:tid 400] AH02538: Child: Parent process exited abruptly. Child process is ending
[Mon Jul 11 19:08:06.527191 2022] [mpm_winnt:warn] [pid 9180:tid 1880] (OS 995)La operación de E/S se anuló por una salida de subproceso o por una solicitud de aplicación.  : AH00341: winnt_accept: Asynchronous AcceptEx failed.
[Mon Jul 11 19:08:06.527191 2022] [mpm_winnt:warn] [pid 9180:tid 1828] (OS 995)La operación de E/S se anuló por una salida de subproceso o por una solicitud de aplicación.  : AH00341: winnt_accept: Asynchronous AcceptEx failed.
[Mon Jul 11 19:08:08.540609 2022] [mpm_winnt:notice] [pid 9180:tid 400] AH00364: Child: All worker threads have exited.
[Mon Jul 11 19:13:26.671448 2022] [core:warn] [pid 17556:tid 404] AH00098: pid file D:/Dixon/laragon/www/php-webview/bin/Apache24/logs/httpd.pid overwritten -- Unclean shutdown of previous Apache run?
PHP Warning:  PHP Startup: Unable to load dynamic library 'intl' (tried: ext\\intl (No se puede encontrar el m\xc3\xb3dulo especificado.), ext\\php_intl.dll (%1 no es una aplicaci\xc3\xb3n Win32 v\xc3\xa1lida.)) in Unknown on line 0
PHP Warning:  PHP Startup: Unable to load dynamic library 'mysqli' (tried: ext\\mysqli (No se puede encontrar el m\xc3\xb3dulo especificado.), ext\\php_mysqli.dll (%1 no es una aplicaci\xc3\xb3n Win32 v\xc3\xa1lida.)) in Unknown on line 0
PHP Warning:  PHP Startup: Unable to load dynamic library 'pdo_mysql' (tried: ext\\pdo_mysql (No se puede encontrar el m\xc3\xb3dulo especificado.), ext\\php_pdo_mysql.dll (%1 no es una aplicaci\xc3\xb3n Win32 v\xc3\xa1lida.)) in Unknown on line 0
[Mon Jul 11 19:13:26.698376 2022] [mpm_winnt:notice] [pid 17556:tid 404] AH00455: Apache/2.4.54 (Win32) OpenSSL/1.1.1p PHP/7.4.30 configured -- resuming normal operations
[Mon Jul 11 19:13:26.698376 2022] [mpm_winnt:notice] [pid 17556:tid 404] AH00456: Server built: Jun 23 2022 16:43:03
[Mon Jul 11 19:13:26.698376 2022] [core:notice] [pid 17556:tid 404] AH00094: Command line: 'D:\\Dixon\\laragon\\www\\php-webview\\bin\\Apache24\\bin\\httpd.exe -d D:/Dixon/laragon/www/php-webview/bin/Apache24'
[Mon Jul 11 19:13:26.700371 2022] [mpm_winnt:notice] [pid 17556:tid 404] AH00418: Parent: Created child process 11048
PHP Warning:  PHP Startup: Unable to load dynamic library 'intl' (tried: ext\\intl (No se puede encontrar el m\xc3\xb3dulo especificado.), ext\\php_intl.dll (%1 no es una aplicaci\xc3\xb3n Win32 v\xc3\xa1lida.)) in Unknown on line 0
PHP Warning:  PHP Startup: Unable to load dynamic library 'mysqli' (tried: ext\\mysqli (No se puede encontrar el m\xc3\xb3dulo especificado.), ext\\php_mysqli.dll (%1 no es una aplicaci\xc3\xb3n Win32 v\xc3\xa1lida.)) in Unknown on line 0
PHP Warning:  PHP Startup: Unable to load dynamic library 'pdo_mysql' (tried: ext\\pdo_mysql (No se puede encontrar el m\xc3\xb3dulo especificado.), ext\\php_pdo_mysql.dll (%1 no es una aplicaci\xc3\xb3n Win32 v\xc3\xa1lida.)) in Unknown on line 0
[Mon Jul 11 19:13:27.436061 2022] [mpm_winnt:notice] [pid 11048:tid 400] AH00354: Child: Starting 64 worker threads.
[Mon Jul 11 19:13:27.438028 2022] [mpm_winnt:warn] [pid 11048:tid 1808] AH02531: winnt_accept: Listen protocol '#php-webview-listen' has no known accept filter. Using 'none' instead
[Mon Jul 11 19:13:39.162355 2022] [mpm_winnt:crit] [pid 11048:tid 400] AH02538: Child: Parent process exited abruptly. Child process is ending
[Mon Jul 11 19:13:39.162355 2022] [mpm_winnt:warn] [pid 11048:tid 1908] (OS 995)La operación de E/S se anuló por una salida de subproceso o por una solicitud de aplicación.  : AH00341: winnt_accept: Asynchronous AcceptEx failed.
[Mon Jul 11 19:13:39.162355 2022] [mpm_winnt:warn] [pid 11048:tid 4] (OS 995)La operación de E/S se anuló por una salida de subproceso o por una solicitud de aplicación.  : AH00341: winnt_accept: Asynchronous AcceptEx failed.
[Mon Jul 11 19:13:41.190116 2022] [mpm_winnt:notice] [pid 11048:tid 400] AH00364: Child: All worker threads have exited.
[Mon Jul 11 19:14:24.918281 2022] [core:warn] [pid 20580:tid 252] AH00098: pid file D:/Dixon/laragon/www/php-webview/bin/Apache24/logs/httpd.pid overwritten -- Unclean shutdown of previous Apache run?
PHP Warning:  PHP Startup: Unable to load dynamic library 'intl' (tried: ext\\intl (No se puede encontrar el m\xc3\xb3dulo especificado.), ext\\php_intl.dll (%1 no es una aplicaci\xc3\xb3n Win32 v\xc3\xa1lida.)) in Unknown on line 0
PHP Warning:  PHP Startup: Unable to load dynamic library 'mysqli' (tried: ext\\mysqli (No se puede encontrar el m\xc3\xb3dulo especificado.), ext\\php_mysqli.dll (%1 no es una aplicaci\xc3\xb3n Win32 v\xc3\xa1lida.)) in Unknown on line 0
PHP Warning:  PHP Startup: Unable to load dynamic library 'pdo_mysql' (tried: ext\\pdo_mysql (No se puede encontrar el m\xc3\xb3dulo especificado.), ext\\php_pdo_mysql.dll (%1 no es una aplicaci\xc3\xb3n Win32 v\xc3\xa1lida.)) in Unknown on line 0
[Mon Jul 11 19:14:24.941221 2022] [mpm_winnt:notice] [pid 20580:tid 252] AH00455: Apache/2.4.54 (Win32) OpenSSL/1.1.1p PHP/7.4.30 configured -- resuming normal operations
[Mon Jul 11 19:14:24.941221 2022] [mpm_winnt:notice] [pid 20580:tid 252] AH00456: Server built: Jun 23 2022 16:43:03
[Mon Jul 11 19:14:24.941221 2022] [core:notice] [pid 20580:tid 252] AH00094: Command line: 'D:\\Dixon\\laragon\\www\\php-webview\\bin\\Apache24\\bin\\httpd.exe -d D:/Dixon/laragon/www/php-webview/bin/Apache24'
[Mon Jul 11 19:14:24.943215 2022] [mpm_winnt:notice] [pid 20580:tid 252] AH00418: Parent: Created child process 19176
PHP Warning:  PHP Startup: Unable to load dynamic library 'intl' (tried: ext\\intl (No se puede encontrar el m\xc3\xb3dulo especificado.), ext\\php_intl.dll (%1 no es una aplicaci\xc3\xb3n Win32 v\xc3\xa1lida.)) in Unknown on line 0
PHP Warning:  PHP Startup: Unable to load dynamic library 'mysqli' (tried: ext\\mysqli (No se puede encontrar el m\xc3\xb3dulo especificado.), ext\\php_mysqli.dll (%1 no es una aplicaci\xc3\xb3n Win32 v\xc3\xa1lida.)) in Unknown on line 0
PHP Warning:  PHP Startup: Unable to load dynamic library 'pdo_mysql' (tried: ext\\pdo_mysql (No se puede encontrar el m\xc3\xb3dulo especificado.), ext\\php_pdo_mysql.dll (%1 no es una aplicaci\xc3\xb3n Win32 v\xc3\xa1lida.)) in Unknown on line 0
[Mon Jul 11 19:14:25.663620 2022] [mpm_winnt:notice] [pid 19176:tid 396] AH00354: Child: Starting 64 worker threads.
[Mon Jul 11 19:14:25.665612 2022] [mpm_winnt:warn] [pid 19176:tid 1812] AH02531: winnt_accept: Listen protocol '#php-webview-listen' has no known accept filter. Using 'none' instead
[Mon Jul 11 19:14:39.339460 2022] [mpm_winnt:crit] [pid 19176:tid 396] AH02538: Child: Parent process exited abruptly. Child process is ending
[Mon Jul 11 19:14:39.339460 2022] [mpm_winnt:warn] [pid 19176:tid 4] (OS 995)La operación de E/S se anuló por una salida de subproceso o por una solicitud de aplicación.  : AH00341: winnt_accept: Asynchronous AcceptEx failed.
[Mon Jul 11 19:14:39.339460 2022] [mpm_winnt:warn] [pid 19176:tid 1928] (OS 995)La operación de E/S se anuló por una salida de subproceso o por una solicitud de aplicación.  : AH00341: winnt_accept: Asynchronous AcceptEx failed.
[Mon Jul 11 19:14:41.356123 2022] [mpm_winnt:notice] [pid 19176:tid 396] AH00364: Child: All worker threads have exited.
